  main.cpp
e:\毕业设计\hackypack\hackypack\main.cpp(39): warning C4311: “类型强制转换”: 从“LPBYTE”到“DWORD”的指针截断
e:\毕业设计\hackypack\hackypack\main.cpp(39): warning C4302: “类型强制转换”: 从“LPBYTE”到“DWORD”截断
  Packer.cpp
e:\毕业设计\hackypack\hackypack\packer.cpp(79): warning C4311: “类型强制转换”: 从“LPBYTE”到“DWORD”的指针截断
e:\毕业设计\hackypack\hackypack\packer.cpp(79): warning C4302: “类型强制转换”: 从“LPBYTE”到“DWORD”截断
e:\毕业设计\hackypack\hackypack\packer.cpp(79): warning C4312: “类型强制转换”: 从“unsigned long”转换到更大的“PIMAGE_NT_HEADERS”
e:\毕业设计\hackypack\hackypack\packer.cpp(125): warning C4311: “类型强制转换”: 从“LPBYTE”到“DWORD”的指针截断
e:\毕业设计\hackypack\hackypack\packer.cpp(125): warning C4302: “类型强制转换”: 从“LPBYTE”到“DWORD”截断
e:\毕业设计\hackypack\hackypack\packer.cpp(125): warning C4312: “类型强制转换”: 从“unsigned long”转换到更大的“PIMAGE_NT_HEADERS”
e:\毕业设计\hackypack\hackypack\packer.cpp(128): warning C4244: “=”: 从“ULONGLONG”转换到“DWORD”，可能丢失数据
e:\毕业设计\hackypack\hackypack\packer.cpp(246): warning C4311: “类型强制转换”: 从“FARPROC”到“DWORD”的指针截断
e:\毕业设计\hackypack\hackypack\packer.cpp(246): warning C4302: “类型强制转换”: 从“FARPROC”到“DWORD”截断
e:\毕业设计\hackypack\hackypack\packer.cpp(431): warning C4311: “类型强制转换”: 从“LPBYTE”到“DWORD”的指针截断
e:\毕业设计\hackypack\hackypack\packer.cpp(431): warning C4302: “类型强制转换”: 从“LPBYTE”到“DWORD”截断
e:\毕业设计\hackypack\hackypack\packer.cpp(438): warning C4311: “类型强制转换”: 从“LPBYTE”到“DWORD”的指针截断
e:\毕业设计\hackypack\hackypack\packer.cpp(438): warning C4302: “类型强制转换”: 从“LPBYTE”到“DWORD”截断
e:\毕业设计\hackypack\hackypack\packer.cpp(438): warning C4312: “类型强制转换”: 从“unsigned long”转换到更大的“PDWORD”
e:\毕业设计\hackypack\hackypack\packer.cpp(438): warning C4244: “=”: 从“ULONGLONG”转换到“DWORD”，可能丢失数据
e:\毕业设计\hackypack\hackypack\packer.cpp(442): warning C4311: “类型强制转换”: 从“PIMAGE_BASE_RELOCATION”到“DWORD”的指针截断
e:\毕业设计\hackypack\hackypack\packer.cpp(442): warning C4302: “类型强制转换”: 从“PIMAGE_BASE_RELOCATION”到“DWORD”截断
e:\毕业设计\hackypack\hackypack\packer.cpp(442): warning C4312: “类型强制转换”: 从“unsigned long”转换到更大的“IMAGE_BASE_RELOCATION *”
  正在生成代码...
e:\毕业设计\hackypack\hackypack\packer.cpp(547): warning C4715: “Packer::SaveFinalFile”: 不是所有的控件路径都返回值
  HaCkyPack.vcxproj -> E:\毕业设计\HaCkyPack\x64\Debug\HaCkyPack.exe
