[*]Packer::OpenFile--->GetFileSize 37888...
[*]Packer::IsLegalPE--->LegalPE,FileSize:37888...
[*]Packer::GetPEInfo--->GetPEInfo...ok
		[*]Packer::GetPEInfo--->IATSectionBase:106980
		[*]Packer::GetPEInfo--->IATSectionSize:100
[*]Packer::LoadStub--->LoadStub Success,BaseAddr:6fe50000
[*]Packer::Main--->MemcpyStub Success,BaseAddr:310EAB8
[!]Packer::LoadStub--->LoadStub ok
[*]Packer::EncryCodeSeg--->EncryCodeSeg Ok...
[*]Packer::FixStubReloc--->Old Reloc:1877388468
[*]Packer::FixStubReloc--->New Reloc:4431028
[*]Packer::FixStubReloc--->Old Reloc:1877388500
[*]Packer::FixStubReloc--->New Reloc:4431060
[*]Packer::FixStubReloc--->Old Reloc:1877388552
[*]Packer::FixStubReloc--->New Reloc:4431112
[*]Packer::FixStubReloc--->Old Reloc:1877388580
[*]Packer::FixStubReloc--->New Reloc:4431140
[*]Packer::FixStubReloc--->Old Reloc:1877388632
[*]Packer::FixStubReloc--->New Reloc:4431192
[*]Packer::FixStubReloc--->Old Reloc:1877388864
[*]Packer::FixStubReloc--->New Reloc:4431424
[*]Packer::FixStubReloc--->Old Reloc:1877389136
[*]Packer::FixStubReloc--->New Reloc:4431696
[*]Packer::FixStubReloc--->Old Reloc:1877389480
[*]Packer::FixStubReloc--->New Reloc:4432040
[*]Packer::FixStubReloc--->Old Reloc:1877389516
[*]Packer::FixStubReloc--->New Reloc:4432076
[*]Packer::FixStubReloc--->Old Reloc:1877389580
[*]Packer::FixStubReloc--->New Reloc:4432140
[*]Packer::FixStubReloc--->Old Reloc:1877389632
[*]Packer::FixStubReloc--->New Reloc:4432192
[*]Packer::FixStubReloc--->Old Reloc:1877454848
[*]Packer::FixStubReloc--->New Reloc:4497408
[*]Packer::FixStubReloc--->Old Reloc:1877454928
[*]Packer::FixStubReloc--->New Reloc:4497488
[*]Packer::FixStubReloc--->Old Reloc:1877383432
[*]Packer::FixStubReloc--->New Reloc:4425992
[*]Packer::FixStubReloc--->Old Reloc:1877467136
[*]Packer::FixStubReloc--->New Reloc:4509696
[*]Packer::FixStubReloc--->Old Reloc:1877349057
[*]Packer::FixStubReloc--->New Reloc:4391617
[*]Packer::FixStubReloc--->Old Reloc:1877349057
[*]Packer::FixStubReloc--->New Reloc:4391617
[*]Packer::FixStubReloc--->Old Reloc:1877348747
[*]Packer::FixStubReloc--->New Reloc:4391307
[*]Packer::FixStubReloc--->Old Reloc:1877348747
[*]Packer::FixStubReloc--->New Reloc:4391307
[*]Packer::FixStubReloc--->Old Reloc:1877383432
[*]Packer::FixStubReloc--->New Reloc:4425992
[*]Packer::FixStubReloc--->Old Reloc:1877463056
[*]Packer::FixStubReloc--->New Reloc:4505616
[*]Packer::FixStubReloc--->Old Reloc:1877383432
[*]Packer::FixStubReloc--->New Reloc:4425992
[*]Packer::FixStubReloc--->Old Reloc:1877383432
[*]Packer::FixStubReloc--->New Reloc:4425992
[*]Packer::FixStubReloc--->Old Reloc:1877388280
[*]Packer::FixStubReloc--->New Reloc:4430840
[*]Packer::FixStubReloc--->Old Reloc:1877454724
[*]Packer::FixStubReloc--->New Reloc:4497284
[*]Packer::FixStubReloc--->Old Reloc:1877388296
[*]Packer::FixStubReloc--->New Reloc:4430856
[*]Packer::FixStubReloc--->Old Reloc:1877454720
[*]Packer::FixStubReloc--->New Reloc:4497280
[*]Packer::FixStubReloc--->Old Reloc:1877388328
[*]Packer::FixStubReloc--->New Reloc:4430888
[*]Packer::FixStubReloc--->Old Reloc:1877454720
[*]Packer::FixStubReloc--->New Reloc:4497280
[*]Packer::FixStubReloc--->Old Reloc:1877388348
[*]Packer::FixStubReloc--->New Reloc:4430908
[*]Packer::FixStubReloc--->Old Reloc:1877388364
[*]Packer::FixStubReloc--->New Reloc:4430924
[*]Packer::FixStubReloc--->Old Reloc:1877388380
[*]Packer::FixStubReloc--->New Reloc:4430940
[*]Packer::FixStubReloc--->Old Reloc:1877388396
[*]Packer::FixStubReloc--->New Reloc:4430956
[*]Packer::FixStubReloc--->Old Reloc:1877388412
[*]Packer::FixStubReloc--->New Reloc:4430972
[*]Packer::FixStubReloc--->Old Reloc:1877463040
[*]Packer::FixStubReloc--->New Reloc:4505600
[*]Packer::FixStubReloc--->Old Reloc:1877425236
[*]Packer::FixStubReloc--->New Reloc:4467796
[*]Packer::FixStubReloc--->Old Reloc:1877425244
[*]Packer::FixStubReloc--->New Reloc:4467804
[*]Packer::FixStubReloc--->Old Reloc:1877425256
[*]Packer::FixStubReloc--->New Reloc:4467816
[*]Packer::FixStubReloc--->Old Reloc:1877383432
[*]Packer::FixStubReloc--->New Reloc:4425992
[*]Packer::FixStubReloc--->Old Reloc:1877463048
[*]Packer::FixStubReloc--->New Reloc:4505608
[*]Packer::FixStubReloc--->Old Reloc:1877463052
[*]Packer::FixStubReloc--->New Reloc:4505612
[*]Packer::FixStubReloc--->Old Reloc:1877425584
[*]Packer::FixStubReloc--->New Reloc:4468144
[*]Packer::FixStubReloc--->Old Reloc:1877425592
[*]Packer::FixStubReloc--->New Reloc:4468152
[*]Packer::FixStubReloc--->Old Reloc:1877425604
[*]Packer::FixStubReloc--->New Reloc:4468164
[*]Packer::FixStubReloc--->Old Reloc:1877383432
[*]Packer::FixStubReloc--->New Reloc:4425992
[*]Packer::FixStubReloc--->Old Reloc:1877388236
[*]Packer::FixStubReloc--->New Reloc:4430796
[*]Packer::FixStubReloc--->Old Reloc:1877463064
[*]Packer::FixStubReloc--->New Reloc:4505624
[*]Packer::FixStubReloc--->Old Reloc:1877388248
[*]Packer::FixStubReloc--->New Reloc:4430808
[*]Packer::FixStubReloc--->Old Reloc:1877463060
[*]Packer::FixStubReloc--->New Reloc:4505620
[*]Packer::FixStubReloc--->Old Reloc:1877463044
[*]Packer::FixStubReloc--->New Reloc:4505604
[*]Packer::FixStubReloc--->Old Reloc:1877425896
[*]Packer::FixStubReloc--->New Reloc:4468456
[*]Packer::FixStubReloc--->Old Reloc:1877425904
[*]Packer::FixStubReloc--->New Reloc:4468464
[*]Packer::FixStubReloc--->Old Reloc:1877425916
[*]Packer::FixStubReloc--->New Reloc:4468476
[*]Packer::FixStubReloc--->Old Reloc:1877383432
[*]Packer::FixStubReloc--->New Reloc:4425992
[*]Packer::FixStubReloc--->Old Reloc:1877388236
[*]Packer::FixStubReloc--->New Reloc:4430796
[*]Packer::FixStubReloc--->Old Reloc:1877463064
[*]Packer::FixStubReloc--->New Reloc:4505624
[*]Packer::FixStubReloc--->Old Reloc:1877388248
[*]Packer::FixStubReloc--->New Reloc:4430808
[*]Packer::FixStubReloc--->Old Reloc:1877463060
[*]Packer::FixStubReloc--->New Reloc:4505620
[*]Packer::FixStubReloc--->Old Reloc:1877463044
[*]Packer::FixStubReloc--->New Reloc:4505604
[*]Packer::FixStubReloc--->Old Reloc:1877426216
[*]Packer::FixStubReloc--->New Reloc:4468776
[*]Packer::FixStubReloc--->Old Reloc:1877426224
[*]Packer::FixStubReloc--->New Reloc:4468784
[*]Packer::FixStubReloc--->Old Reloc:1877426236
[*]Packer::FixStubReloc--->New Reloc:4468796
[*]Packer::FixStubReloc--->Old Reloc:1877383432
[*]Packer::FixStubReloc--->New Reloc:4425992
[*]Packer::FixStubReloc--->Old Reloc:1877450144
[*]Packer::FixStubReloc--->New Reloc:4492704
[*]Packer::FixStubReloc--->Old Reloc:1877432768
[*]Packer::FixStubReloc--->New Reloc:4475328
[*]Packer::FixStubReloc--->Old Reloc:1877383432
[*]Packer::FixStubReloc--->New Reloc:4425992
[*]Packer::FixStubReloc--->Old Reloc:1877426696
[*]Packer::FixStubReloc--->New Reloc:4469256
[*]Packer::FixStubReloc--->Old Reloc:1877426704
[*]Packer::FixStubReloc--->New Reloc:4469264
[*]Packer::FixStubReloc--->Old Reloc:1877426716
[*]Packer::FixStubReloc--->New Reloc:4469276
[*]Packer::FixStubReloc--->Old Reloc:1877383432
[*]Packer::FixStubReloc--->New Reloc:4425992
[*]Packer::FixStubReloc--->Old Reloc:1877454488
[*]Packer::FixStubReloc--->New Reloc:4497048
[*]Packer::FixStubReloc--->Old Reloc:1877454484
[*]Packer::FixStubReloc--->New Reloc:4497044
[*]Packer::FixStubReloc--->Old Reloc:1877454492
[*]Packer::FixStubReloc--->New Reloc:4497052
[*]Packer::FixStubReloc--->Old Reloc:1877454732
[*]Packer::FixStubReloc--->New Reloc:4497292
[*]Packer::FixStubReloc--->Old Reloc:1877454492
[*]Packer::FixStubReloc--->New Reloc:4497052
[*]Packer::FixStubReloc--->Old Reloc:1877454492
[*]Packer::FixStubReloc--->New Reloc:4497052
[*]Packer::FixStubReloc--->Old Reloc:1877454732
[*]Packer::FixStubReloc--->New Reloc:4497292
[*]Packer::FixStubReloc--->Old Reloc:1877427016
[*]Packer::FixStubReloc--->New Reloc:4469576
[*]Packer::FixStubReloc--->Old Reloc:1877427024
[*]Packer::FixStubReloc--->New Reloc:4469584
[*]Packer::FixStubReloc--->Old Reloc:1877427036
[*]Packer::FixStubReloc--->New Reloc:4469596
[*]Packer::FixStubReloc--->Old Reloc:1877387708
[*]Packer::FixStubReloc--->New Reloc:4430268
[*]Packer::FixStubReloc--->Old Reloc:1877387712
[*]Packer::FixStubReloc--->New Reloc:4430272
[*]Packer::FixStubReloc--->Old Reloc:1877463348
[*]Packer::FixStubReloc--->New Reloc:4505908
[*]Packer::FixStubReloc--->Old Reloc:1877454728
[*]Packer::FixStubReloc--->New Reloc:4497288
[*]Packer::FixStubReloc--->Old Reloc:1877387732
[*]Packer::FixStubReloc--->New Reloc:4430292
[*]Packer::FixStubReloc--->Old Reloc:1877387788
[*]Packer::FixStubReloc--->New Reloc:4430348
[*]Packer::FixStubReloc--->Old Reloc:1877387840
[*]Packer::FixStubReloc--->New Reloc:4430400
[*]Packer::FixStubReloc--->Old Reloc:1877387892
[*]Packer::FixStubReloc--->New Reloc:4430452
[*]Packer::FixStubReloc--->Old Reloc:1877387948
[*]Packer::FixStubReloc--->New Reloc:4430508
[*]Packer::FixStubReloc--->Old Reloc:1877387996
[*]Packer::FixStubReloc--->New Reloc:4430556
[*]Packer::FixStubReloc--->Old Reloc:1877388048
[*]Packer::FixStubReloc--->New Reloc:4430608
[*]Packer::FixStubReloc--->Old Reloc:1877388096
[*]Packer::FixStubReloc--->New Reloc:4430656
[*]Packer::FixStubReloc--->Old Reloc:1877388144
[*]Packer::FixStubReloc--->New Reloc:4430704
[*]Packer::FixStubReloc--->Old Reloc:1877388192
[*]Packer::FixStubReloc--->New Reloc:4430752
[*]Packer::FixStubReloc--->Old Reloc:1877463352
[*]Packer::FixStubReloc--->New Reloc:4505912
[*]Packer::FixStubReloc--->Old Reloc:1877383432
[*]Packer::FixStubReloc--->New Reloc:4425992
[*]Packer::FixStubReloc--->Old Reloc:1877454728
[*]Packer::FixStubReloc--->New Reloc:4497288
[*]Packer::FixStubReloc--->Old Reloc:1877454724
[*]Packer::FixStubReloc--->New Reloc:4497284
[*]Packer::FixStubReloc--->Old Reloc:1877454720
[*]Packer::FixStubReloc--->New Reloc:4497280
[*]Packer::FixStubReloc--->Old Reloc:1877454720
[*]Packer::FixStubReloc--->New Reloc:4497280
[*]Packer::FixStubReloc--->Old Reloc:1877454732
[*]Packer::FixStubReloc--->New Reloc:4497292
[*]Packer::FixStubReloc--->Old Reloc:1877454732
[*]Packer::FixStubReloc--->New Reloc:4497292
[*]Packer::FixStubReloc--->Old Reloc:1877428644
[*]Packer::FixStubReloc--->New Reloc:4471204
[*]Packer::FixStubReloc--->Old Reloc:1877428652
[*]Packer::FixStubReloc--->New Reloc:4471212
[*]Packer::FixStubReloc--->Old Reloc:1877428664
[*]Packer::FixStubReloc--->New Reloc:4471224
[*]Packer::FixStubReloc--->Old Reloc:1877383432
[*]Packer::FixStubReloc--->New Reloc:4425992
[*]Packer::FixStubReloc--->Old Reloc:1877454720
[*]Packer::FixStubReloc--->New Reloc:4497280
[*]Packer::FixStubReloc--->Old Reloc:1877387584
[*]Packer::FixStubReloc--->New Reloc:4430144
[*]Packer::FixStubReloc--->Old Reloc:1877454720
[*]Packer::FixStubReloc--->New Reloc:4497280
[*]Packer::FixStubReloc--->Old Reloc:1877454724
[*]Packer::FixStubReloc--->New Reloc:4497284
[*]Packer::FixStubReloc--->Old Reloc:1877387600
[*]Packer::FixStubReloc--->New Reloc:4430160
[*]Packer::FixStubReloc--->Old Reloc:1877454720
[*]Packer::FixStubReloc--->New Reloc:4497280
[*]Packer::FixStubReloc--->Old Reloc:1877454728
[*]Packer::FixStubReloc--->New Reloc:4497288
[*]Packer::FixStubReloc--->Old Reloc:1877387620
[*]Packer::FixStubReloc--->New Reloc:4430180
[*]Packer::FixStubReloc--->Old Reloc:1877454720
[*]Packer::FixStubReloc--->New Reloc:4497280
[*]Packer::FixStubReloc--->Old Reloc:1877454732
[*]Packer::FixStubReloc--->New Reloc:4497292
[*]Packer::FixStubReloc--->Old Reloc:1877387640
[*]Packer::FixStubReloc--->New Reloc:4430200
[*]Packer::FixStubReloc--->Old Reloc:1877454720
[*]Packer::FixStubReloc--->New Reloc:4497280
[*]Packer::FixStubReloc--->Old Reloc:1877454740
[*]Packer::FixStubReloc--->New Reloc:4497300
[*]Packer::FixStubReloc--->Old Reloc:1877387656
[*]Packer::FixStubReloc--->New Reloc:4430216
[*]Packer::FixStubReloc--->Old Reloc:1877454720
[*]Packer::FixStubReloc--->New Reloc:4497280
[*]Packer::FixStubReloc--->Old Reloc:1877454736
[*]Packer::FixStubReloc--->New Reloc:4497296
[*]Packer::FixStubReloc--->Old Reloc:1877387672
[*]Packer::FixStubReloc--->New Reloc:4430232
[*]Packer::FixStubReloc--->Old Reloc:1877454720
[*]Packer::FixStubReloc--->New Reloc:4497280
[*]Packer::FixStubReloc--->Old Reloc:1877454744
[*]Packer::FixStubReloc--->New Reloc:4497304
[*]Packer::FixStubReloc--->Old Reloc:1877387688
[*]Packer::FixStubReloc--->New Reloc:4430248
[*]Packer::FixStubReloc--->Old Reloc:1877383432
[*]Packer::FixStubReloc--->New Reloc:4425992
[*]Packer::FixStubReloc--->Old Reloc:1877454748
[*]Packer::FixStubReloc--->New Reloc:4497308
[*]Packer::FixStubReloc--->Old Reloc:1877454516
[*]Packer::FixStubReloc--->New Reloc:4497076
[*]Packer::FixStubReloc--->Old Reloc:1877454748
[*]Packer::FixStubReloc--->New Reloc:4497308
[*]Packer::FixStubReloc--->Old Reloc:1877454732
[*]Packer::FixStubReloc--->New Reloc:4497292
[*]Packer::FixStubReloc--->Old Reloc:1877454748
[*]Packer::FixStubReloc--->New Reloc:4497308
[*]Packer::FixStubReloc--->Old Reloc:1877454484
[*]Packer::FixStubReloc--->New Reloc:4497044
[*]Packer::FixStubReloc--->Old Reloc:1877454748
[*]Packer::FixStubReloc--->New Reloc:4497308
[*]Packer::FixStubReloc--->Old Reloc:1877454748
[*]Packer::FixStubReloc--->New Reloc:4497308
[*]Packer::FixStubReloc--->Old Reloc:1877454748
[*]Packer::FixStubReloc--->New Reloc:4497308
[*]Packer::FixStubReloc--->Old Reloc:1877454732
[*]Packer::FixStubReloc--->New Reloc:4497292
[*]Packer::FixStubReloc--->Old Reloc:1877430780
[*]Packer::FixStubReloc--->New Reloc:4473340
[*]Packer::FixStubReloc--->Old Reloc:1877430788
[*]Packer::FixStubReloc--->New Reloc:4473348
[*]Packer::FixStubReloc--->Old Reloc:1877430800
[*]Packer::FixStubReloc--->New Reloc:4473360
[*]Packer::FixStubReloc--->Old Reloc:1877383432
[*]Packer::FixStubReloc--->New Reloc:4425992
[*]Packer::FixStubReloc--->Old Reloc:1877454728
[*]Packer::FixStubReloc--->New Reloc:4497288
[*]Packer::FixStubReloc--->Old Reloc:1877454716
[*]Packer::FixStubReloc--->New Reloc:4497276
[*]Packer::FixStubReloc--->Old Reloc:1877454732
[*]Packer::FixStubReloc--->New Reloc:4497292
[*]Packer::FixStubReloc--->Old Reloc:1877454556
[*]Packer::FixStubReloc--->New Reloc:4497116
[*]Packer::FixStubReloc--->Old Reloc:1877454556
[*]Packer::FixStubReloc--->New Reloc:4497116
[*]Packer::FixStubReloc--->Old Reloc:1877454732
[*]Packer::FixStubReloc--->New Reloc:4497292
[*]Packer::FixStubReloc--->Old Reloc:1877431216
[*]Packer::FixStubReloc--->New Reloc:4473776
[*]Packer::FixStubReloc--->Old Reloc:1877431224
[*]Packer::FixStubReloc--->New Reloc:4473784
[*]Packer::FixStubReloc--->Old Reloc:1877431236
[*]Packer::FixStubReloc--->New Reloc:4473796
[*]Packer::FixStubReloc--->Old Reloc:1877383432
[*]Packer::FixStubReloc--->New Reloc:4425992
[*]Packer::FixStubReloc--->Old Reloc:1877454728
[*]Packer::FixStubReloc--->New Reloc:4497288
[*]Packer::FixStubReloc--->Old Reloc:1877454732
[*]Packer::FixStubReloc--->New Reloc:4497292
[*]Packer::FixStubReloc--->Old Reloc:1877454732
[*]Packer::FixStubReloc--->New Reloc:4497292
[*]Packer::FixStubReloc--->Old Reloc:1877431532
[*]Packer::FixStubReloc--->New Reloc:4474092
[*]Packer::FixStubReloc--->Old Reloc:1877431540
[*]Packer::FixStubReloc--->New Reloc:4474100
[*]Packer::FixStubReloc--->Old Reloc:1877431552
[*]Packer::FixStubReloc--->New Reloc:4474112
[*]Packer::FixStubReloc--->Old Reloc:1877454552
[*]Packer::FixStubReloc--->New Reloc:4497112
[*]Packer::FixStubReloc--->Old Reloc:1877454496
[*]Packer::FixStubReloc--->New Reloc:4497056
[*]Packer::FixStubReloc--->Old Reloc:1877454484
[*]Packer::FixStubReloc--->New Reloc:4497044
[*]Packer::FixStubReloc--->Old Reloc:1877454752
[*]Packer::FixStubReloc--->New Reloc:4497312
[*]Packer::FixStubReloc--->Old Reloc:1877454752
[*]Packer::FixStubReloc--->New Reloc:4497312
[*]Packer::FixStubReloc--->Old Reloc:1877454816
[*]Packer::FixStubReloc--->New Reloc:4497376
[*]Packer::FixStubReloc--->Old Reloc:1877463344
[*]Packer::FixStubReloc--->New Reloc:4505904
[*]Packer::FixStubReloc--->Old Reloc:1877463040
[*]Packer::FixStubReloc--->New Reloc:4505600
[*]Packer::FixStubReloc--->Old Reloc:1877463044
[*]Packer::FixStubReloc--->New Reloc:4505604
[*]Packer::FixStubReloc--->Old Reloc:1877463048
[*]Packer::FixStubReloc--->New Reloc:4505608
[*]Packer::FixStubReloc--->Old Reloc:1877463052
[*]Packer::FixStubReloc--->New Reloc:4505612
[*]Packer::FixStubReloc--->Old Reloc:1877463056
[*]Packer::FixStubReloc--->New Reloc:4505616
[*]Packer::FixStubReloc--->Old Reloc:1877463060
[*]Packer::FixStubReloc--->New Reloc:4505620
[*]Packer::FixStubReloc--->Old Reloc:1877463064
[*]Packer::FixStubReloc--->New Reloc:4505624
[*]Packer::FixStubReloc--->Old Reloc:1877463068
[*]Packer::FixStubReloc--->New Reloc:4505628
[*]Packer::FixStubReloc--->Old Reloc:1877348847
[*]Packer::FixStubReloc--->New Reloc:4391407
[*]Packer::FixStubReloc--->Old Reloc:1877348547
[*]Packer::FixStubReloc--->New Reloc:4391107
[*]Packer::FixStubReloc--->Old Reloc:1877454825
[*]Packer::FixStubReloc--->New Reloc:4497385
[*]Packer::FixStubReloc--->Old Reloc:1877454825
[*]Packer::FixStubReloc--->New Reloc:4497385
[*]Packer::FixStubReloc--->Old Reloc:1877383432
[*]Packer::FixStubReloc--->New Reloc:4425992
[*]Packer::FixStubReloc--->Old Reloc:1877348857
[*]Packer::FixStubReloc--->New Reloc:4391417
[*]Packer::FixStubReloc--->Old Reloc:1877383432
[*]Packer::FixStubReloc--->New Reloc:4425992
[*]Packer::FixStubReloc--->Old Reloc:1877432924
[*]Packer::FixStubReloc--->New Reloc:4475484
[*]Packer::FixStubReloc--->Old Reloc:1877432862
[*]Packer::FixStubReloc--->New Reloc:4475422
[*]Packer::FixStubReloc--->Old Reloc:1877432844
[*]Packer::FixStubReloc--->New Reloc:4475404
[*]Packer::FixStubReloc--->Old Reloc:1877432893
[*]Packer::FixStubReloc--->New Reloc:4475453
[*]Packer::FixStubReloc--->Old Reloc:1877432903
[*]Packer::FixStubReloc--->New Reloc:4475463
[*]Packer::FixStubReloc--->Old Reloc:1877450176
[*]Packer::FixStubReloc--->New Reloc:4492736
[*]Packer::FixStubReloc--->Old Reloc:1877432768
[*]Packer::FixStubReloc--->New Reloc:4475328
[*]Packer::FixStubReloc--->Old Reloc:1877383432
[*]Packer::FixStubReloc--->New Reloc:4425992
[*]Packer::FixStubReloc--->Old Reloc:1877455836
[*]Packer::FixStubReloc--->New Reloc:4498396
[*]Packer::FixStubReloc--->Old Reloc:1877455836
[*]Packer::FixStubReloc--->New Reloc:4498396
[*]Packer::FixStubReloc--->Old Reloc:1877362908
[*]Packer::FixStubReloc--->New Reloc:4405468
[*]Packer::FixStubReloc--->Old Reloc:1877358804
[*]Packer::FixStubReloc--->New Reloc:4401364
[*]Packer::FixStubReloc--->Old Reloc:1877354700
[*]Packer::FixStubReloc--->New Reloc:4397260
[*]Packer::FixStubReloc--->Old Reloc:1877350148
[*]Packer::FixStubReloc--->New Reloc:4392708
[*]Packer::FixStubReloc--->Old Reloc:1877455836
[*]Packer::FixStubReloc--->New Reloc:4498396
[*]Packer::FixStubReloc--->Old Reloc:1877467136
[*]Packer::FixStubReloc--->New Reloc:4509696
[*]Packer::FixStubReloc--->Old Reloc:1877454828
[*]Packer::FixStubReloc--->New Reloc:4497388
[*]Packer::FixStubReloc--->Old Reloc:1877454828
[*]Packer::FixStubReloc--->New Reloc:4497388
[*]Packer::FixStubReloc--->Old Reloc:1877450208
[*]Packer::FixStubReloc--->New Reloc:4492768
[*]Packer::FixStubReloc--->Old Reloc:1877432768
[*]Packer::FixStubReloc--->New Reloc:4475328
[*]Packer::FixStubReloc--->Old Reloc:1877383432
[*]Packer::FixStubReloc--->New Reloc:4425992
[*]Packer::FixStubReloc--->Old Reloc:1877454828
[*]Packer::FixStubReloc--->New Reloc:4497388
[*]Packer::FixStubReloc--->Old Reloc:1877454828
[*]Packer::FixStubReloc--->New Reloc:4497388
[*]Packer::FixStubReloc--->Old Reloc:1877454828
[*]Packer::FixStubReloc--->New Reloc:4497388
[*]Packer::FixStubReloc--->Old Reloc:1877455836
[*]Packer::FixStubReloc--->New Reloc:4498396
[*]Packer::FixStubReloc--->Old Reloc:1877455836
[*]Packer::FixStubReloc--->New Reloc:4498396
[*]Packer::FixStubReloc--->Old Reloc:1877450240
[*]Packer::FixStubReloc--->New Reloc:4492800
[*]Packer::FixStubReloc--->Old Reloc:1877432768
[*]Packer::FixStubReloc--->New Reloc:4475328
[*]Packer::FixStubReloc--->Old Reloc:1877383432
[*]Packer::FixStubReloc--->New Reloc:4425992
[*]Packer::FixStubReloc--->Old Reloc:1877454828
[*]Packer::FixStubReloc--->New Reloc:4497388
[*]Packer::FixStubReloc--->Old Reloc:1877432816
[*]Packer::FixStubReloc--->New Reloc:4475376
[*]Packer::FixStubReloc--->Old Reloc:1877388440
[*]Packer::FixStubReloc--->New Reloc:4431000
[*]Packer::FixStubReloc--->Old Reloc:1877388440
[*]Packer::FixStubReloc--->New Reloc:4431000
[*]Packer::FixStubReloc--->Old Reloc:1877467136
[*]Packer::FixStubReloc--->New Reloc:4509696
[*]Packer::FixStubReloc--->Old Reloc:1877454832
[*]Packer::FixStubReloc--->New Reloc:4497392
[*]Packer::FixStubReloc--->Old Reloc:1877454836
[*]Packer::FixStubReloc--->New Reloc:4497396
[*]Packer::FixStubReloc--->Old Reloc:1877388444
[*]Packer::FixStubReloc--->New Reloc:4431004
[*]Packer::FixStubReloc--->Old Reloc:1877454832
[*]Packer::FixStubReloc--->New Reloc:4497392
[*]Packer::FixStubReloc--->Old Reloc:1877454832
[*]Packer::FixStubReloc--->New Reloc:4497392
[*]Packer::FixStubReloc--->Old Reloc:1877454836
[*]Packer::FixStubReloc--->New Reloc:4497396
[*]Packer::FixStubReloc--->Old Reloc:1877454836
[*]Packer::FixStubReloc--->New Reloc:4497396
[*]Packer::FixStubReloc--->Old Reloc:1877454836
[*]Packer::FixStubReloc--->New Reloc:4497396
[*]Packer::FixStubReloc--->Old Reloc:1877454832
[*]Packer::FixStubReloc--->New Reloc:4497392
[*]Packer::FixStubReloc--->Old Reloc:1877383440
[*]Packer::FixStubReloc--->New Reloc:4426000
[*]Packer::FixStubReloc--->Old Reloc:1877383440
[*]Packer::FixStubReloc--->New Reloc:4426000
[*]Packer::FixStubReloc--->Old Reloc:1877383432
[*]Packer::FixStubReloc--->New Reloc:4425992
[*]Packer::FixStubReloc--->Old Reloc:1877383456
[*]Packer::FixStubReloc--->New Reloc:4426016
[*]Packer::FixStubReloc--->Old Reloc:1877390024
[*]Packer::FixStubReloc--->New Reloc:4432584
[*]Packer::FixStubReloc--->Old Reloc:1877390112
[*]Packer::FixStubReloc--->New Reloc:4432672
[*]Packer::FixStubReloc--->Old Reloc:1877390116
[*]Packer::FixStubReloc--->New Reloc:4432676
[*]Packer::FixStubReloc--->Old Reloc:1877390120
[*]Packer::FixStubReloc--->New Reloc:4432680
[*]Packer::FixStubReloc--->Old Reloc:1877390132
[*]Packer::FixStubReloc--->New Reloc:4432692
[*]Packer::FixStubReloc--->Old Reloc:1877390184
[*]Packer::FixStubReloc--->New Reloc:4432744
[*]Packer::FixStubReloc--->Old Reloc:1877390196
[*]Packer::FixStubReloc--->New Reloc:4432756
[*]Packer::FixStubReloc--->Old Reloc:1877390216
[*]Packer::FixStubReloc--->New Reloc:4432776
[*]Packer::FixStubReloc--->Old Reloc:1877390304
[*]Packer::FixStubReloc--->New Reloc:4432864
[*]Packer::FixStubReloc--->Old Reloc:1877383440
[*]Packer::FixStubReloc--->New Reloc:4426000
[*]Packer::FixStubReloc--->Old Reloc:1877388672
[*]Packer::FixStubReloc--->New Reloc:4431232
[*]Packer::FixStubReloc--->Old Reloc:1877388692
[*]Packer::FixStubReloc--->New Reloc:4431252
[*]Packer::FixStubReloc--->Old Reloc:1877383432
[*]Packer::FixStubReloc--->New Reloc:4425992
[*]Packer::FixStubReloc--->Old Reloc:1877383448
[*]Packer::FixStubReloc--->New Reloc:4426008
[*]Packer::FixStubReloc--->Old Reloc:1877388720
[*]Packer::FixStubReloc--->New Reloc:4431280
[*]Packer::FixStubReloc--->Old Reloc:1877388748
[*]Packer::FixStubReloc--->New Reloc:4431308
[*]Packer::FixStubReloc--->Old Reloc:1877389968
[*]Packer::FixStubReloc--->New Reloc:4432528
[*]Packer::FixStubReloc--->Old Reloc:1877390016
[*]Packer::FixStubReloc--->New Reloc:4432576
[*]Packer::FixStubReloc--->Old Reloc:1877383432
[*]Packer::FixStubReloc--->New Reloc:4425992
[*]Packer::FixStubReloc--->Old Reloc:1877463140
[*]Packer::FixStubReloc--->New Reloc:4505700
[*]Packer::FixStubReloc--->Old Reloc:1877463140
[*]Packer::FixStubReloc--->New Reloc:4505700
[*]Packer::FixStubReloc--->Old Reloc:1877389672
[*]Packer::FixStubReloc--->New Reloc:4432232
[*]Packer::FixStubReloc--->Old Reloc:1877388696
[*]Packer::FixStubReloc--->New Reloc:4431256
[*]Packer::FixStubReloc--->Old Reloc:1877463148
[*]Packer::FixStubReloc--->New Reloc:4505708
[*]Packer::FixStubReloc--->Old Reloc:1877389808
[*]Packer::FixStubReloc--->New Reloc:4432368
[*]Packer::FixStubReloc--->Old Reloc:1877467136
[*]Packer::FixStubReloc--->New Reloc:4509696
[*]Packer::FixStubReloc--->Old Reloc:1877389884
[*]Packer::FixStubReloc--->New Reloc:4432444
[*]Packer::FixStubReloc--->Old Reloc:1877463136
[*]Packer::FixStubReloc--->New Reloc:4505696
[*]Packer::FixStubReloc--->Old Reloc:1877389904
[*]Packer::FixStubReloc--->New Reloc:4432464
[*]Packer::FixStubReloc--->Old Reloc:1877463136
[*]Packer::FixStubReloc--->New Reloc:4505696
[*]Packer::FixStubReloc--->Old Reloc:1877389928
[*]Packer::FixStubReloc--->New Reloc:4432488
[*]Packer::FixStubReloc--->Old Reloc:1877467136
[*]Packer::FixStubReloc--->New Reloc:4509696
[*]Packer::FixStubReloc--->Old Reloc:1877450272
[*]Packer::FixStubReloc--->New Reloc:4492832
[*]Packer::FixStubReloc--->Old Reloc:1877444176
[*]Packer::FixStubReloc--->New Reloc:4486736
[*]Packer::FixStubReloc--->Old Reloc:1877383432
[*]Packer::FixStubReloc--->New Reloc:4425992
[*]Packer::FixStubReloc--->Old Reloc:1877463144
[*]Packer::FixStubReloc--->New Reloc:4505704
[*]Packer::FixStubReloc--->Old Reloc:1877383432
[*]Packer::FixStubReloc--->New Reloc:4425992
[*]Packer::FixStubReloc--->Old Reloc:1877383452
[*]Packer::FixStubReloc--->New Reloc:4426012
[*]Packer::FixStubReloc--->Old Reloc:1877388768
[*]Packer::FixStubReloc--->New Reloc:4431328
[*]Packer::FixStubReloc--->Old Reloc:1877388784
[*]Packer::FixStubReloc--->New Reloc:4431344
[*]Packer::FixStubReloc--->Old Reloc:1877390336
[*]Packer::FixStubReloc--->New Reloc:4432896
[*]Packer::FixStubReloc--->Old Reloc:1877463128
[*]Packer::FixStubReloc--->New Reloc:4505688
[*]Packer::FixStubReloc--->Old Reloc:1877463132
[*]Packer::FixStubReloc--->New Reloc:4505692
[*]Packer::FixStubReloc--->Old Reloc:1877463044
[*]Packer::FixStubReloc--->New Reloc:4505604
[*]Packer::FixStubReloc--->Old Reloc:1877463124
[*]Packer::FixStubReloc--->New Reloc:4505684
[*]Packer::FixStubReloc--->Old Reloc:1877455104
[*]Packer::FixStubReloc--->New Reloc:4497664
[*]Packer::FixStubReloc--->Old Reloc:1877455100
[*]Packer::FixStubReloc--->New Reloc:4497660
[*]Packer::FixStubReloc--->Old Reloc:1877455096
[*]Packer::FixStubReloc--->New Reloc:4497656
[*]Packer::FixStubReloc--->Old Reloc:1877455092
[*]Packer::FixStubReloc--->New Reloc:4497652
[*]Packer::FixStubReloc--->Old Reloc:1877455088
[*]Packer::FixStubReloc--->New Reloc:4497648
[*]Packer::FixStubReloc--->Old Reloc:1877455084
[*]Packer::FixStubReloc--->New Reloc:4497644
[*]Packer::FixStubReloc--->Old Reloc:1877455128
[*]Packer::FixStubReloc--->New Reloc:4497688
[*]Packer::FixStubReloc--->Old Reloc:1877455116
[*]Packer::FixStubReloc--->New Reloc:4497676
[*]Packer::FixStubReloc--->Old Reloc:1877455080
[*]Packer::FixStubReloc--->New Reloc:4497640
[*]Packer::FixStubReloc--->Old Reloc:1877455076
[*]Packer::FixStubReloc--->New Reloc:4497636
[*]Packer::FixStubReloc--->Old Reloc:1877455072
[*]Packer::FixStubReloc--->New Reloc:4497632
[*]Packer::FixStubReloc--->Old Reloc:1877455068
[*]Packer::FixStubReloc--->New Reloc:4497628
[*]Packer::FixStubReloc--->Old Reloc:1877455120
[*]Packer::FixStubReloc--->New Reloc:4497680
[*]Packer::FixStubReloc--->Old Reloc:1877455108
[*]Packer::FixStubReloc--->New Reloc:4497668
[*]Packer::FixStubReloc--->Old Reloc:1877455112
[*]Packer::FixStubReloc--->New Reloc:4497672
[*]Packer::FixStubReloc--->Old Reloc:1877455124
[*]Packer::FixStubReloc--->New Reloc:4497684
[*]Packer::FixStubReloc--->Old Reloc:1877454928
[*]Packer::FixStubReloc--->New Reloc:4497488
[*]Packer::FixStubReloc--->Old Reloc:1877455112
[*]Packer::FixStubReloc--->New Reloc:4497672
[*]Packer::FixStubReloc--->Old Reloc:1877454860
[*]Packer::FixStubReloc--->New Reloc:4497420
[*]Packer::FixStubReloc--->Old Reloc:1877454848
[*]Packer::FixStubReloc--->New Reloc:4497408
[*]Packer::FixStubReloc--->Old Reloc:1877454852
[*]Packer::FixStubReloc--->New Reloc:4497412
[*]Packer::FixStubReloc--->Old Reloc:1877454864
[*]Packer::FixStubReloc--->New Reloc:4497424
[*]Packer::FixStubReloc--->Old Reloc:1877454868
[*]Packer::FixStubReloc--->New Reloc:4497428
[*]Packer::FixStubReloc--->Old Reloc:1877383432
[*]Packer::FixStubReloc--->New Reloc:4425992
[*]Packer::FixStubReloc--->Old Reloc:1877383428
[*]Packer::FixStubReloc--->New Reloc:4425988
[*]Packer::FixStubReloc--->Old Reloc:1877390400
[*]Packer::FixStubReloc--->New Reloc:4432960
[*]Packer::FixStubReloc--->Old Reloc:1877455104
[*]Packer::FixStubReloc--->New Reloc:4497664
[*]Packer::FixStubReloc--->Old Reloc:1877455100
[*]Packer::FixStubReloc--->New Reloc:4497660
[*]Packer::FixStubReloc--->Old Reloc:1877455096
[*]Packer::FixStubReloc--->New Reloc:4497656
[*]Packer::FixStubReloc--->Old Reloc:1877455092
[*]Packer::FixStubReloc--->New Reloc:4497652
[*]Packer::FixStubReloc--->Old Reloc:1877455088
[*]Packer::FixStubReloc--->New Reloc:4497648
[*]Packer::FixStubReloc--->Old Reloc:1877455084
[*]Packer::FixStubReloc--->New Reloc:4497644
[*]Packer::FixStubReloc--->Old Reloc:1877455128
[*]Packer::FixStubReloc--->New Reloc:4497688
[*]Packer::FixStubReloc--->Old Reloc:1877455116
[*]Packer::FixStubReloc--->New Reloc:4497676
[*]Packer::FixStubReloc--->Old Reloc:1877455080
[*]Packer::FixStubReloc--->New Reloc:4497640
[*]Packer::FixStubReloc--->Old Reloc:1877455076
[*]Packer::FixStubReloc--->New Reloc:4497636
[*]Packer::FixStubReloc--->Old Reloc:1877455072
[*]Packer::FixStubReloc--->New Reloc:4497632
[*]Packer::FixStubReloc--->Old Reloc:1877455068
[*]Packer::FixStubReloc--->New Reloc:4497628
[*]Packer::FixStubReloc--->Old Reloc:1877455120
[*]Packer::FixStubReloc--->New Reloc:4497680
[*]Packer::FixStubReloc--->Old Reloc:1877455108
[*]Packer::FixStubReloc--->New Reloc:4497668
[*]Packer::FixStubReloc--->Old Reloc:1877455112
[*]Packer::FixStubReloc--->New Reloc:4497672
[*]Packer::FixStubReloc--->Old Reloc:1877455124
[*]Packer::FixStubReloc--->New Reloc:4497684
[*]Packer::FixStubReloc--->Old Reloc:1877455112
[*]Packer::FixStubReloc--->New Reloc:4497672
[*]Packer::FixStubReloc--->Old Reloc:1877454860
[*]Packer::FixStubReloc--->New Reloc:4497420
[*]Packer::FixStubReloc--->Old Reloc:1877454848
[*]Packer::FixStubReloc--->New Reloc:4497408
[*]Packer::FixStubReloc--->Old Reloc:1877454852
[*]Packer::FixStubReloc--->New Reloc:4497412
[*]Packer::FixStubReloc--->Old Reloc:1877454864
[*]Packer::FixStubReloc--->New Reloc:4497424
[*]Packer::FixStubReloc--->Old Reloc:1877454868
[*]Packer::FixStubReloc--->New Reloc:4497428
[*]Packer::FixStubReloc--->Old Reloc:1877390400
[*]Packer::FixStubReloc--->New Reloc:4432960
[*]Packer::FixStubReloc--->Old Reloc:1877455104
[*]Packer::FixStubReloc--->New Reloc:4497664
[*]Packer::FixStubReloc--->Old Reloc:1877455100
[*]Packer::FixStubReloc--->New Reloc:4497660
[*]Packer::FixStubReloc--->Old Reloc:1877455096
[*]Packer::FixStubReloc--->New Reloc:4497656
[*]Packer::FixStubReloc--->Old Reloc:1877455092
[*]Packer::FixStubReloc--->New Reloc:4497652
[*]Packer::FixStubReloc--->Old Reloc:1877455088
[*]Packer::FixStubReloc--->New Reloc:4497648
[*]Packer::FixStubReloc--->Old Reloc:1877455084
[*]Packer::FixStubReloc--->New Reloc:4497644
[*]Packer::FixStubReloc--->Old Reloc:1877455128
[*]Packer::FixStubReloc--->New Reloc:4497688
[*]Packer::FixStubReloc--->Old Reloc:1877455116
[*]Packer::FixStubReloc--->New Reloc:4497676
[*]Packer::FixStubReloc--->Old Reloc:1877455080
[*]Packer::FixStubReloc--->New Reloc:4497640
[*]Packer::FixStubReloc--->Old Reloc:1877455076
[*]Packer::FixStubReloc--->New Reloc:4497636
[*]Packer::FixStubReloc--->Old Reloc:1877455072
[*]Packer::FixStubReloc--->New Reloc:4497632
[*]Packer::FixStubReloc--->Old Reloc:1877455068
[*]Packer::FixStubReloc--->New Reloc:4497628
[*]Packer::FixStubReloc--->Old Reloc:1877455120
[*]Packer::FixStubReloc--->New Reloc:4497680
[*]Packer::FixStubReloc--->Old Reloc:1877455108
[*]Packer::FixStubReloc--->New Reloc:4497668
[*]Packer::FixStubReloc--->Old Reloc:1877455112
[*]Packer::FixStubReloc--->New Reloc:4497672
[*]Packer::FixStubReloc--->Old Reloc:1877455124
[*]Packer::FixStubReloc--->New Reloc:4497684
[*]Packer::FixStubReloc--->Old Reloc:1877455112
[*]Packer::FixStubReloc--->New Reloc:4497672
[*]Packer::FixStubReloc--->Old Reloc:1877454860
[*]Packer::FixStubReloc--->New Reloc:4497420
[*]Packer::FixStubReloc--->Old Reloc:1877454848
[*]Packer::FixStubReloc--->New Reloc:4497408
[*]Packer::FixStubReloc--->Old Reloc:1877454852
[*]Packer::FixStubReloc--->New Reloc:4497412
[*]Packer::FixStubReloc--->Old Reloc:1877454864
[*]Packer::FixStubReloc--->New Reloc:4497424
[*]Packer::FixStubReloc--->Old Reloc:1877454868
[*]Packer::FixStubReloc--->New Reloc:4497428
[*]Packer::FixStubReloc--->Old Reloc:1877454872
[*]Packer::FixStubReloc--->New Reloc:4497432
[*]Packer::FixStubReloc--->Old Reloc:1877390400
[*]Packer::FixStubReloc--->New Reloc:4432960
[*]Packer::FixStubReloc--->Old Reloc:1877463104
[*]Packer::FixStubReloc--->New Reloc:4505664
[*]Packer::FixStubReloc--->Old Reloc:1877463108
[*]Packer::FixStubReloc--->New Reloc:4505668
[*]Packer::FixStubReloc--->Old Reloc:1877463112
[*]Packer::FixStubReloc--->New Reloc:4505672
[*]Packer::FixStubReloc--->Old Reloc:1877463116
[*]Packer::FixStubReloc--->New Reloc:4505676
[*]Packer::FixStubReloc--->Old Reloc:1877383432
[*]Packer::FixStubReloc--->New Reloc:4425992
[*]Packer::FixStubReloc--->Old Reloc:1877383432
[*]Packer::FixStubReloc--->New Reloc:4425992
[*]Packer::FixStubReloc--->Old Reloc:1877383432
[*]Packer::FixStubReloc--->New Reloc:4425992
[*]Packer::FixStubReloc--->Old Reloc:1877383428
[*]Packer::FixStubReloc--->New Reloc:4425988
[*]Packer::FixStubReloc--->Old Reloc:1877383432
[*]Packer::FixStubReloc--->New Reloc:4425992
[*]Packer::FixStubReloc--->Old Reloc:1877383428
[*]Packer::FixStubReloc--->New Reloc:4425988
[*]Packer::FixStubReloc--->Old Reloc:1877455808
[*]Packer::FixStubReloc--->New Reloc:4498368
[*]Packer::FixStubReloc--->Old Reloc:1877463100
[*]Packer::FixStubReloc--->New Reloc:4505660
[*]Packer::FixStubReloc--->Old Reloc:1877455808
[*]Packer::FixStubReloc--->New Reloc:4498368
[*]Packer::FixStubReloc--->Old Reloc:1877455824
[*]Packer::FixStubReloc--->New Reloc:4498384
[*]Packer::FixStubReloc--->Old Reloc:1877383432
[*]Packer::FixStubReloc--->New Reloc:4425992
[*]Packer::FixStubReloc--->Old Reloc:1877383432
[*]Packer::FixStubReloc--->New Reloc:4425992
[*]Packer::FixStubReloc--->Old Reloc:1877383432
[*]Packer::FixStubReloc--->New Reloc:4425992
[*]Packer::FixStubReloc--->Old Reloc:1877383432
[*]Packer::FixStubReloc--->New Reloc:4425992
[*]Packer::FixStubReloc--->Old Reloc:1877455840
[*]Packer::FixStubReloc--->New Reloc:4498400
[*]Packer::FixStubReloc--->Old Reloc:1877467136
[*]Packer::FixStubReloc--->New Reloc:4509696
[*]Packer::FixStubReloc--->Old Reloc:1877455848
[*]Packer::FixStubReloc--->New Reloc:4498408
[*]Packer::FixStubReloc--->Old Reloc:1877455844
[*]Packer::FixStubReloc--->New Reloc:4498404
[*]Packer::FixStubReloc--->Old Reloc:1877455845
[*]Packer::FixStubReloc--->New Reloc:4498405
[*]Packer::FixStubReloc--->Old Reloc:1877455848
[*]Packer::FixStubReloc--->New Reloc:4498408
[*]Packer::FixStubReloc--->Old Reloc:1877455860
[*]Packer::FixStubReloc--->New Reloc:4498420
[*]Packer::FixStubReloc--->Old Reloc:1877455848
[*]Packer::FixStubReloc--->New Reloc:4498408
[*]Packer::FixStubReloc--->Old Reloc:1877455852
[*]Packer::FixStubReloc--->New Reloc:4498412
[*]Packer::FixStubReloc--->Old Reloc:1877455856
[*]Packer::FixStubReloc--->New Reloc:4498416
[*]Packer::FixStubReloc--->Old Reloc:1877455860
[*]Packer::FixStubReloc--->New Reloc:4498420
[*]Packer::FixStubReloc--->Old Reloc:1877455864
[*]Packer::FixStubReloc--->New Reloc:4498424
[*]Packer::FixStubReloc--->Old Reloc:1877455868
[*]Packer::FixStubReloc--->New Reloc:4498428
[*]Packer::FixStubReloc--->Old Reloc:1877455845
[*]Packer::FixStubReloc--->New Reloc:4498405
[*]Packer::FixStubReloc--->Old Reloc:1877450304
[*]Packer::FixStubReloc--->New Reloc:4492864
[*]Packer::FixStubReloc--->Old Reloc:1877432768
[*]Packer::FixStubReloc--->New Reloc:4475328
[*]Packer::FixStubReloc--->Old Reloc:1877383432
[*]Packer::FixStubReloc--->New Reloc:4425992
[*]Packer::FixStubReloc--->Old Reloc:1877278720
[*]Packer::FixStubReloc--->New Reloc:4321280
[*]Packer::FixStubReloc--->Old Reloc:1877455840
[*]Packer::FixStubReloc--->New Reloc:4498400
[*]Packer::FixStubReloc--->Old Reloc:1877455844
[*]Packer::FixStubReloc--->New Reloc:4498404
[*]Packer::FixStubReloc--->Old Reloc:1877455848
[*]Packer::FixStubReloc--->New Reloc:4498408
[*]Packer::FixStubReloc--->Old Reloc:1877455848
[*]Packer::FixStubReloc--->New Reloc:4498408
[*]Packer::FixStubReloc--->Old Reloc:1877455860
[*]Packer::FixStubReloc--->New Reloc:4498420
[*]Packer::FixStubReloc--->Old Reloc:1877455860
[*]Packer::FixStubReloc--->New Reloc:4498420
[*]Packer::FixStubReloc--->Old Reloc:1877455904
[*]Packer::FixStubReloc--->New Reloc:4498464
[*]Packer::FixStubReloc--->Old Reloc:1877463148
[*]Packer::FixStubReloc--->New Reloc:4505708
[*]Packer::FixStubReloc--->Old Reloc:1877463128
[*]Packer::FixStubReloc--->New Reloc:4505688
[*]Packer::FixStubReloc--->Old Reloc:1877463132
[*]Packer::FixStubReloc--->New Reloc:4505692
[*]Packer::FixStubReloc--->Old Reloc:1877463096
[*]Packer::FixStubReloc--->New Reloc:4505656
[*]Packer::FixStubReloc--->Old Reloc:1877463092
[*]Packer::FixStubReloc--->New Reloc:4505652
[*]Packer::FixStubReloc--->Old Reloc:1877348707
[*]Packer::FixStubReloc--->New Reloc:4391267
[*]Packer::FixStubReloc--->Old Reloc:1877463128
[*]Packer::FixStubReloc--->New Reloc:4505688
[*]Packer::FixStubReloc--->Old Reloc:1877455880
[*]Packer::FixStubReloc--->New Reloc:4498440
[*]Packer::FixStubReloc--->Old Reloc:1877399720
[*]Packer::FixStubReloc--->New Reloc:4442280
[*]Packer::FixStubReloc--->Old Reloc:1877407928
[*]Packer::FixStubReloc--->New Reloc:4450488
[*]Packer::FixStubReloc--->Old Reloc:1877467136
[*]Packer::FixStubReloc--->New Reloc:4509696
[*]Packer::FixStubReloc--->Old Reloc:1877407928
[*]Packer::FixStubReloc--->New Reloc:4450488
[*]Packer::FixStubReloc--->Old Reloc:1877412036
[*]Packer::FixStubReloc--->New Reloc:4454596
[*]Packer::FixStubReloc--->Old Reloc:1877420244
[*]Packer::FixStubReloc--->New Reloc:4462804
[*]Packer::FixStubReloc--->Old Reloc:1877467136
[*]Packer::FixStubReloc--->New Reloc:4509696
[*]Packer::FixStubReloc--->Old Reloc:1877420244
[*]Packer::FixStubReloc--->New Reloc:4462804
[*]Packer::FixStubReloc--->Old Reloc:1877467136
[*]Packer::FixStubReloc--->New Reloc:4509696
[*]Packer::FixStubReloc--->Old Reloc:1877348782
[*]Packer::FixStubReloc--->New Reloc:4391342
[*]Packer::FixStubReloc--->Old Reloc:1877383432
[*]Packer::FixStubReloc--->New Reloc:4425992
[*]Packer::FixStubReloc--->Old Reloc:1877455888
[*]Packer::FixStubReloc--->New Reloc:4498448
[*]Packer::FixStubReloc--->Old Reloc:1877455888
[*]Packer::FixStubReloc--->New Reloc:4498448
[*]Packer::FixStubReloc--->Old Reloc:1877390448
[*]Packer::FixStubReloc--->New Reloc:4433008
[*]Packer::FixStubReloc--->Old Reloc:1877463088
[*]Packer::FixStubReloc--->New Reloc:4505648
[*]Packer::FixStubReloc--->Old Reloc:1877390884
[*]Packer::FixStubReloc--->New Reloc:4433444
[*]Packer::FixStubReloc--->Old Reloc:1877463088
[*]Packer::FixStubReloc--->New Reloc:4505648
[*]Packer::FixStubReloc--->Old Reloc:1877383432
[*]Packer::FixStubReloc--->New Reloc:4425992
[*]Packer::FixStubReloc--->Old Reloc:1877390504
[*]Packer::FixStubReloc--->New Reloc:4433064
[*]Packer::FixStubReloc--->Old Reloc:1877390592
[*]Packer::FixStubReloc--->New Reloc:4433152
[*]Packer::FixStubReloc--->Old Reloc:1877463088
[*]Packer::FixStubReloc--->New Reloc:4505648
[*]Packer::FixStubReloc--->Old Reloc:1877390592
[*]Packer::FixStubReloc--->New Reloc:4433152
[*]Packer::FixStubReloc--->Old Reloc:1877390624
[*]Packer::FixStubReloc--->New Reloc:4433184
[*]Packer::FixStubReloc--->Old Reloc:1877463060
[*]Packer::FixStubReloc--->New Reloc:4505620
[*]Packer::FixStubReloc--->Old Reloc:1877390640
[*]Packer::FixStubReloc--->New Reloc:4433200
[*]Packer::FixStubReloc--->Old Reloc:1877463060
[*]Packer::FixStubReloc--->New Reloc:4505620
[*]Packer::FixStubReloc--->Old Reloc:1877390660
[*]Packer::FixStubReloc--->New Reloc:4433220
[*]Packer::FixStubReloc--->Old Reloc:1877463060
[*]Packer::FixStubReloc--->New Reloc:4505620
[*]Packer::FixStubReloc--->Old Reloc:1877390680
[*]Packer::FixStubReloc--->New Reloc:4433240
[*]Packer::FixStubReloc--->Old Reloc:1877467136
[*]Packer::FixStubReloc--->New Reloc:4509696
[*]Packer::FixStubReloc--->Old Reloc:1877463152
[*]Packer::FixStubReloc--->New Reloc:4505712
[*]Packer::FixStubReloc--->Old Reloc:1877390820
[*]Packer::FixStubReloc--->New Reloc:4433380
[*]Packer::FixStubReloc--->Old Reloc:1877467136
[*]Packer::FixStubReloc--->New Reloc:4509696
[*]Packer::FixStubReloc--->Old Reloc:1877467136
[*]Packer::FixStubReloc--->New Reloc:4509696
[*]Packer::FixStubReloc--->Old Reloc:1877463152
[*]Packer::FixStubReloc--->New Reloc:4505712
[*]Packer::FixStubReloc--->Old Reloc:1877390412
[*]Packer::FixStubReloc--->New Reloc:4432972
[*]Packer::FixStubReloc--->Old Reloc:1877390416
[*]Packer::FixStubReloc--->New Reloc:4432976
[*]Packer::FixStubReloc--->Old Reloc:1877390420
[*]Packer::FixStubReloc--->New Reloc:4432980
[*]Packer::FixStubReloc--->Old Reloc:1877390424
[*]Packer::FixStubReloc--->New Reloc:4432984
[*]Packer::FixStubReloc--->Old Reloc:1877390428
[*]Packer::FixStubReloc--->New Reloc:4432988
[*]Packer::FixStubReloc--->Old Reloc:1877390432
[*]Packer::FixStubReloc--->New Reloc:4432992
[*]Packer::FixStubReloc--->Old Reloc:1877390436
[*]Packer::FixStubReloc--->New Reloc:4432996
[*]Packer::FixStubReloc--->Old Reloc:1877390440
[*]Packer::FixStubReloc--->New Reloc:4433000
[*]Packer::FixStubReloc--->Old Reloc:1877390444
[*]Packer::FixStubReloc--->New Reloc:4433004
[*]Packer::FixStubReloc--->Old Reloc:1877463088
[*]Packer::FixStubReloc--->New Reloc:4505648
[*]Packer::FixStubReloc--->Old Reloc:1877383432
[*]Packer::FixStubReloc--->New Reloc:4425992
[*]Packer::FixStubReloc--->Old Reloc:1877390860
[*]Packer::FixStubReloc--->New Reloc:4433420
[*]Packer::FixStubReloc--->Old Reloc:1877390848
[*]Packer::FixStubReloc--->New Reloc:4433408
[*]Packer::FixStubReloc--->Old Reloc:1877463072
[*]Packer::FixStubReloc--->New Reloc:4505632
[*]Packer::FixStubReloc--->Old Reloc:1877455889
[*]Packer::FixStubReloc--->New Reloc:4498449
[*]Packer::FixStubReloc--->Old Reloc:1877455884
[*]Packer::FixStubReloc--->New Reloc:4498444
[*]Packer::FixStubReloc--->Old Reloc:1877455884
[*]Packer::FixStubReloc--->New Reloc:4498444
[*]Packer::FixStubReloc--->Old Reloc:1877455889
[*]Packer::FixStubReloc--->New Reloc:4498449
[*]Packer::FixStubReloc--->Old Reloc:1877455884
[*]Packer::FixStubReloc--->New Reloc:4498444
[*]Packer::FixStubReloc--->Old Reloc:1877390908
[*]Packer::FixStubReloc--->New Reloc:4433468
[*]Packer::FixStubReloc--->Old Reloc:1877463060
[*]Packer::FixStubReloc--->New Reloc:4505620
[*]Packer::FixStubReloc--->Old Reloc:1877467136
[*]Packer::FixStubReloc--->New Reloc:4509696
[*]Packer::FixStubReloc--->Old Reloc:1877467136
[*]Packer::FixStubReloc--->New Reloc:4509696
[*]Packer::FixStubReloc--->Old Reloc:1877390928
[*]Packer::FixStubReloc--->New Reloc:4433488
[*]Packer::FixStubReloc--->Old Reloc:1877467136
[*]Packer::FixStubReloc--->New Reloc:4509696
[*]Packer::FixStubReloc--->Old Reloc:1877467136
[*]Packer::FixStubReloc--->New Reloc:4509696
[*]Packer::FixStubReloc--->Old Reloc:1877467136
[*]Packer::FixStubReloc--->New Reloc:4509696
[*]Packer::FixStubReloc--->Old Reloc:1877467136
[*]Packer::FixStubReloc--->New Reloc:4509696
[*]Packer::FixStubReloc--->Old Reloc:1877467136
[*]Packer::FixStubReloc--->New Reloc:4509696
[*]Packer::FixStubReloc--->Old Reloc:1877467136
[*]Packer::FixStubReloc--->New Reloc:4509696
[*]Packer::FixStubReloc--->Old Reloc:1877463076
[*]Packer::FixStubReloc--->New Reloc:4505636
[*]Packer::FixStubReloc--->Old Reloc:1877463080
[*]Packer::FixStubReloc--->New Reloc:4505640
[*]Packer::FixStubReloc--->Old Reloc:1877467136
[*]Packer::FixStubReloc--->New Reloc:4509696
[*]Packer::FixStubReloc--->Old Reloc:1877467136
[*]Packer::FixStubReloc--->New Reloc:4509696
[*]Packer::FixStubReloc--->Old Reloc:1877467136
[*]Packer::FixStubReloc--->New Reloc:4509696
[*]Packer::FixStubReloc--->Old Reloc:1877467136
[*]Packer::FixStubReloc--->New Reloc:4509696
[*]Packer::FixStubReloc--->Old Reloc:1877463076
[*]Packer::FixStubReloc--->New Reloc:4505636
[*]Packer::FixStubReloc--->Old Reloc:1877463084
[*]Packer::FixStubReloc--->New Reloc:4505644
[*]Packer::FixStubReloc--->Old Reloc:1877467136
[*]Packer::FixStubReloc--->New Reloc:4509696
[*]Packer::FixStubReloc--->Old Reloc:1877467136
[*]Packer::FixStubReloc--->New Reloc:4509696
[*]Packer::FixStubReloc--->Old Reloc:1877383432
[*]Packer::FixStubReloc--->New Reloc:4425992
[*]Packer::FixStubReloc--->Old Reloc:1877455892
[*]Packer::FixStubReloc--->New Reloc:4498452
[*]Packer::FixStubReloc--->Old Reloc:1877383468
[*]Packer::FixStubReloc--->New Reloc:4426028
[*]Packer::FixStubReloc--->Old Reloc:1877383468
[*]Packer::FixStubReloc--->New Reloc:4426028
[*]Packer::FixStubReloc--->Old Reloc:1877455892
[*]Packer::FixStubReloc--->New Reloc:4498452
[*]Packer::FixStubReloc--->Old Reloc:1877383468
[*]Packer::FixStubReloc--->New Reloc:4426028
[*]Packer::FixStubReloc--->Old Reloc:1877383468
[*]Packer::FixStubReloc--->New Reloc:4426028
[*]Packer::FixStubReloc--->Old Reloc:1877455896
[*]Packer::FixStubReloc--->New Reloc:4498456
[*]Packer::FixStubReloc--->Old Reloc:1877455896
[*]Packer::FixStubReloc--->New Reloc:4498456
[*]Packer::FixStubReloc--->Old Reloc:1877455896
[*]Packer::FixStubReloc--->New Reloc:4498456
[*]Packer::FixStubReloc--->Old Reloc:1877455896
[*]Packer::FixStubReloc--->New Reloc:4498456
[*]Packer::FixStubReloc--->Old Reloc:1877455892
[*]Packer::FixStubReloc--->New Reloc:4498452
[*]Packer::FixStubReloc--->Old Reloc:1877383468
[*]Packer::FixStubReloc--->New Reloc:4426028
[*]Packer::FixStubReloc--->Old Reloc:1877383468
[*]Packer::FixStubReloc--->New Reloc:4426028
[*]Packer::FixStubReloc--->Old Reloc:1877455892
[*]Packer::FixStubReloc--->New Reloc:4498452
[*]Packer::FixStubReloc--->Old Reloc:1877383468
[*]Packer::FixStubReloc--->New Reloc:4426028
[*]Packer::FixStubReloc--->Old Reloc:1877383468
[*]Packer::FixStubReloc--->New Reloc:4426028
[*]Packer::FixStubReloc--->Old Reloc:1877455892
[*]Packer::FixStubReloc--->New Reloc:4498452
[*]Packer::FixStubReloc--->Old Reloc:1877383468
[*]Packer::FixStubReloc--->New Reloc:4426028
[*]Packer::FixStubReloc--->Old Reloc:1877383468
[*]Packer::FixStubReloc--->New Reloc:4426028
[*]Packer::FixStubReloc--->Old Reloc:1877383472
[*]Packer::FixStubReloc--->New Reloc:4426032
[*]Packer::FixStubReloc--->Old Reloc:1877463240
[*]Packer::FixStubReloc--->New Reloc:4505800
[*]Packer::FixStubReloc--->Old Reloc:1877463232
[*]Packer::FixStubReloc--->New Reloc:4505792
[*]Packer::FixStubReloc--->Old Reloc:1877463236
[*]Packer::FixStubReloc--->New Reloc:4505796
[*]Packer::FixStubReloc--->Old Reloc:1877463220
[*]Packer::FixStubReloc--->New Reloc:4505780
[*]Packer::FixStubReloc--->Old Reloc:1877463224
[*]Packer::FixStubReloc--->New Reloc:4505784
[*]Packer::FixStubReloc--->Old Reloc:1877463228
[*]Packer::FixStubReloc--->New Reloc:4505788
[*]Packer::FixStubReloc--->Old Reloc:1877463352
[*]Packer::FixStubReloc--->New Reloc:4505912
[*]Packer::FixStubReloc--->Old Reloc:1877463348
[*]Packer::FixStubReloc--->New Reloc:4505908
[*]Packer::FixStubReloc--->Old Reloc:1877463344
[*]Packer::FixStubReloc--->New Reloc:4505904
[*]Packer::FixStubReloc--->Old Reloc:1877463340
[*]Packer::FixStubReloc--->New Reloc:4505900
[*]Packer::FixStubReloc--->Old Reloc:1877463336
[*]Packer::FixStubReloc--->New Reloc:4505896
[*]Packer::FixStubReloc--->Old Reloc:1877463332
[*]Packer::FixStubReloc--->New Reloc:4505892
[*]Packer::FixStubReloc--->Old Reloc:1877463328
[*]Packer::FixStubReloc--->New Reloc:4505888
[*]Packer::FixStubReloc--->Old Reloc:1877463324
[*]Packer::FixStubReloc--->New Reloc:4505884
[*]Packer::FixStubReloc--->Old Reloc:1877463376
[*]Packer::FixStubReloc--->New Reloc:4505936
[*]Packer::FixStubReloc--->Old Reloc:1877463316
[*]Packer::FixStubReloc--->New Reloc:4505876
[*]Packer::FixStubReloc--->Old Reloc:1877463312
[*]Packer::FixStubReloc--->New Reloc:4505872
[*]Packer::FixStubReloc--->Old Reloc:1877463308
[*]Packer::FixStubReloc--->New Reloc:4505868
[*]Packer::FixStubReloc--->Old Reloc:1877463368
[*]Packer::FixStubReloc--->New Reloc:4505928
[*]Packer::FixStubReloc--->Old Reloc:1877463380
[*]Packer::FixStubReloc--->New Reloc:4505940
[*]Packer::FixStubReloc--->Old Reloc:1877463372
[*]Packer::FixStubReloc--->New Reloc:4505932
[*]Packer::FixStubReloc--->Old Reloc:1877463384
[*]Packer::FixStubReloc--->New Reloc:4505944
[*]Packer::FixStubReloc--->Old Reloc:1877463364
[*]Packer::FixStubReloc--->New Reloc:4505924
[*]Packer::FixStubReloc--->Old Reloc:1877463360
[*]Packer::FixStubReloc--->New Reloc:4505920
[*]Packer::FixStubReloc--->Old Reloc:1877463320
[*]Packer::FixStubReloc--->New Reloc:4505880
[*]Packer::FixStubReloc--->Old Reloc:1877463304
[*]Packer::FixStubReloc--->New Reloc:4505864
[*]Packer::FixStubReloc--->Old Reloc:1877463356
[*]Packer::FixStubReloc--->New Reloc:4505916
[*]Packer::FixStubReloc--->Old Reloc:1877463292
[*]Packer::FixStubReloc--->New Reloc:4505852
[*]Packer::FixStubReloc--->Old Reloc:1877463296
[*]Packer::FixStubReloc--->New Reloc:4505856
[*]Packer::FixStubReloc--->Old Reloc:1877463300
[*]Packer::FixStubReloc--->New Reloc:4505860
[*]Packer::FixStubReloc--->Old Reloc:1877463148
[*]Packer::FixStubReloc--->New Reloc:4505708
[*]Packer::FixStubReloc--->Old Reloc:1877463144
[*]Packer::FixStubReloc--->New Reloc:4505704
[*]Packer::FixStubReloc--->Old Reloc:1877463140
[*]Packer::FixStubReloc--->New Reloc:4505700
[*]Packer::FixStubReloc--->Old Reloc:1877463136
[*]Packer::FixStubReloc--->New Reloc:4505696
[*]Packer::FixStubReloc--->Old Reloc:1877463132
[*]Packer::FixStubReloc--->New Reloc:4505692
[*]Packer::FixStubReloc--->Old Reloc:1877463128
[*]Packer::FixStubReloc--->New Reloc:4505688
[*]Packer::FixStubReloc--->Old Reloc:1877463124
[*]Packer::FixStubReloc--->New Reloc:4505684
[*]Packer::FixStubReloc--->Old Reloc:1877463120
[*]Packer::FixStubReloc--->New Reloc:4505680
[*]Packer::FixStubReloc--->Old Reloc:1877463116
[*]Packer::FixStubReloc--->New Reloc:4505676
[*]Packer::FixStubReloc--->Old Reloc:1877463112
[*]Packer::FixStubReloc--->New Reloc:4505672
[*]Packer::FixStubReloc--->Old Reloc:1877463108
[*]Packer::FixStubReloc--->New Reloc:4505668
[*]Packer::FixStubReloc--->Old Reloc:1877463104
[*]Packer::FixStubReloc--->New Reloc:4505664
[*]Packer::FixStubReloc--->Old Reloc:1877463100
[*]Packer::FixStubReloc--->New Reloc:4505660
[*]Packer::FixStubReloc--->Old Reloc:1877463096
[*]Packer::FixStubReloc--->New Reloc:4505656
[*]Packer::FixStubReloc--->Old Reloc:1877463092
[*]Packer::FixStubReloc--->New Reloc:4505652
[*]Packer::FixStubReloc--->Old Reloc:1877463088
[*]Packer::FixStubReloc--->New Reloc:4505648
[*]Packer::FixStubReloc--->Old Reloc:1877463084
[*]Packer::FixStubReloc--->New Reloc:4505644
[*]Packer::FixStubReloc--->Old Reloc:1877463080
[*]Packer::FixStubReloc--->New Reloc:4505640
[*]Packer::FixStubReloc--->Old Reloc:1877463076
[*]Packer::FixStubReloc--->New Reloc:4505636
[*]Packer::FixStubReloc--->Old Reloc:1877463072
[*]Packer::FixStubReloc--->New Reloc:4505632
[*]Packer::FixStubReloc--->Old Reloc:1877463152
[*]Packer::FixStubReloc--->New Reloc:4505712
[*]Packer::FixStubReloc--->Old Reloc:1877426612
[*]Packer::FixStubReloc--->New Reloc:4469172
[*]Packer::FixStubReloc--->Old Reloc:1877426618
[*]Packer::FixStubReloc--->New Reloc:4469178
[*]Packer::FixStubReloc--->Old Reloc:1877433206
[*]Packer::FixStubReloc--->New Reloc:4475766
[*]Packer::FixStubReloc--->Old Reloc:1877433587
[*]Packer::FixStubReloc--->New Reloc:4476147
[*]Packer::FixStubReloc--->Old Reloc:1877434019
[*]Packer::FixStubReloc--->New Reloc:4476579
[*]Packer::FixStubReloc--->Old Reloc:1877434063
[*]Packer::FixStubReloc--->New Reloc:4476623
[*]Packer::FixStubReloc--->Old Reloc:1877436286
[*]Packer::FixStubReloc--->New Reloc:4478846
[*]Packer::FixStubReloc--->Old Reloc:1877436305
[*]Packer::FixStubReloc--->New Reloc:4478865
[*]Packer::FixStubReloc--->Old Reloc:1877439830
[*]Packer::FixStubReloc--->New Reloc:4482390
[*]Packer::FixStubReloc--->Old Reloc:1877439869
[*]Packer::FixStubReloc--->New Reloc:4482429
[*]Packer::FixStubReloc--->Old Reloc:1877348782
[*]Packer::FixStubReloc--->New Reloc:4391342
[*]Packer::FixStubReloc--->PERelocDir Update:128192
[*]Packer::SetOepOfPEFile--->NewOep :3032a
[*]Packer::SaveFinalFile--->NewFile :D:\Test_HaCky.exe
