[*]Packer::OpenFile--->GetFileSize 1307827...
[*]Packer::IsLegalPE--->LegalPE,FileSize:1307827...
[*]Packer::GetPEInfo--->GetPEInfo...ok
		[*]Packer::GetPEInfo--->IATSectionBase:307200
		[*]Packer::GetPEInfo--->IATSectionSize:2036
[*]Packer::LoadStub--->LoadStub Success,BaseAddr:68600000
[*]Packer::Main--->MemcpyStub Success,BaseAddr:33B8238
[!]Packer::LoadStub--->LoadStub ok
[*]Packer:::EncryCodeSeg--->CryptAcquireContext...success
[*]Packer:::EncryCodeSeg--->CryptCreateHash...success
[*]Packer:::EncryCodeSeg--->CryptHashData...success
[*]Packer:::EncryCodeSeg--->CryptDeriveKey...success
[*]Packer:::EncryCodeSeg--->malloc...success
[*]Packer::FixStubReloc--->Old Reloc:1751231848
[*]Packer::FixStubReloc--->New Reloc:5434728
[*]Packer::FixStubReloc--->Old Reloc:1751232120
[*]Packer::FixStubReloc--->New Reloc:5435000
[*]Packer::FixStubReloc--->Old Reloc:1751232464
[*]Packer::FixStubReloc--->New Reloc:5435344
[*]Packer::FixStubReloc--->Old Reloc:1751232500
[*]Packer::FixStubReloc--->New Reloc:5435380
[*]Packer::FixStubReloc--->Old Reloc:1751232564
[*]Packer::FixStubReloc--->New Reloc:5435444
[*]Packer::FixStubReloc--->Old Reloc:1751232616
[*]Packer::FixStubReloc--->New Reloc:5435496
[*]Packer::FixStubReloc--->Old Reloc:1751233408
[*]Packer::FixStubReloc--->New Reloc:5436288
[*]Packer::FixStubReloc--->Old Reloc:1751233440
[*]Packer::FixStubReloc--->New Reloc:5436320
[*]Packer::FixStubReloc--->Old Reloc:1751233492
[*]Packer::FixStubReloc--->New Reloc:5436372
[*]Packer::FixStubReloc--->Old Reloc:1751233520
[*]Packer::FixStubReloc--->New Reloc:5436400
[*]Packer::FixStubReloc--->Old Reloc:1751233572
[*]Packer::FixStubReloc--->New Reloc:5436452
[*]Packer::FixStubReloc--->Old Reloc:1751301880
[*]Packer::FixStubReloc--->New Reloc:5504760
[*]Packer::FixStubReloc--->Old Reloc:1751301960
[*]Packer::FixStubReloc--->New Reloc:5504840
[*]Packer::FixStubReloc--->Old Reloc:1751226752
[*]Packer::FixStubReloc--->New Reloc:5429632
[*]Packer::FixStubReloc--->Old Reloc:1751314432
[*]Packer::FixStubReloc--->New Reloc:5517312
[*]Packer::FixStubReloc--->Old Reloc:1751192237
[*]Packer::FixStubReloc--->New Reloc:5395117
[*]Packer::FixStubReloc--->Old Reloc:1751192237
[*]Packer::FixStubReloc--->New Reloc:5395117
[*]Packer::FixStubReloc--->Old Reloc:1751192237
[*]Packer::FixStubReloc--->New Reloc:5395117
[*]Packer::FixStubReloc--->Old Reloc:1751192237
[*]Packer::FixStubReloc--->New Reloc:5395117
[*]Packer::FixStubReloc--->Old Reloc:1751191932
[*]Packer::FixStubReloc--->New Reloc:5394812
[*]Packer::FixStubReloc--->Old Reloc:1751191932
[*]Packer::FixStubReloc--->New Reloc:5394812
[*]Packer::FixStubReloc--->Old Reloc:1751191932
[*]Packer::FixStubReloc--->New Reloc:5394812
[*]Packer::FixStubReloc--->Old Reloc:1751191932
[*]Packer::FixStubReloc--->New Reloc:5394812
[*]Packer::FixStubReloc--->Old Reloc:1751310344
[*]Packer::FixStubReloc--->New Reloc:5513224
[*]Packer::FixStubReloc--->Old Reloc:1751230880
[*]Packer::FixStubReloc--->New Reloc:5433760
[*]Packer::FixStubReloc--->Old Reloc:1751230964
[*]Packer::FixStubReloc--->New Reloc:5433844
[*]Packer::FixStubReloc--->Old Reloc:1751230980
[*]Packer::FixStubReloc--->New Reloc:5433860
[*]Packer::FixStubReloc--->Old Reloc:1751231012
[*]Packer::FixStubReloc--->New Reloc:5433892
[*]Packer::FixStubReloc--->Old Reloc:1751231032
[*]Packer::FixStubReloc--->New Reloc:5433912
[*]Packer::FixStubReloc--->Old Reloc:1751231048
[*]Packer::FixStubReloc--->New Reloc:5433928
[*]Packer::FixStubReloc--->Old Reloc:1751231064
[*]Packer::FixStubReloc--->New Reloc:5433944
[*]Packer::FixStubReloc--->Old Reloc:1751231080
[*]Packer::FixStubReloc--->New Reloc:5433960
[*]Packer::FixStubReloc--->Old Reloc:1751231096
[*]Packer::FixStubReloc--->New Reloc:5433976
[*]Packer::FixStubReloc--->Old Reloc:1751231112
[*]Packer::FixStubReloc--->New Reloc:5433992
[*]Packer::FixStubReloc--->Old Reloc:1751231128
[*]Packer::FixStubReloc--->New Reloc:5434008
[*]Packer::FixStubReloc--->Old Reloc:1751268452
[*]Packer::FixStubReloc--->New Reloc:5471332
[*]Packer::FixStubReloc--->Old Reloc:1751268460
[*]Packer::FixStubReloc--->New Reloc:5471340
[*]Packer::FixStubReloc--->Old Reloc:1751268472
[*]Packer::FixStubReloc--->New Reloc:5471352
[*]Packer::FixStubReloc--->Old Reloc:1751230880
[*]Packer::FixStubReloc--->New Reloc:5433760
[*]Packer::FixStubReloc--->Old Reloc:1751230964
[*]Packer::FixStubReloc--->New Reloc:5433844
[*]Packer::FixStubReloc--->Old Reloc:1751231156
[*]Packer::FixStubReloc--->New Reloc:5434036
[*]Packer::FixStubReloc--->Old Reloc:1751231176
[*]Packer::FixStubReloc--->New Reloc:5434056
[*]Packer::FixStubReloc--->Old Reloc:1751310336
[*]Packer::FixStubReloc--->New Reloc:5513216
[*]Packer::FixStubReloc--->Old Reloc:1751310340
[*]Packer::FixStubReloc--->New Reloc:5513220
[*]Packer::FixStubReloc--->Old Reloc:1751268920
[*]Packer::FixStubReloc--->New Reloc:5471800
[*]Packer::FixStubReloc--->Old Reloc:1751268928
[*]Packer::FixStubReloc--->New Reloc:5471808
[*]Packer::FixStubReloc--->Old Reloc:1751268940
[*]Packer::FixStubReloc--->New Reloc:5471820
[*]Packer::FixStubReloc--->Old Reloc:1751230880
[*]Packer::FixStubReloc--->New Reloc:5433760
[*]Packer::FixStubReloc--->Old Reloc:1751230896
[*]Packer::FixStubReloc--->New Reloc:5433776
[*]Packer::FixStubReloc--->Old Reloc:1751230908
[*]Packer::FixStubReloc--->New Reloc:5433788
[*]Packer::FixStubReloc--->Old Reloc:1751310348
[*]Packer::FixStubReloc--->New Reloc:5513228
[*]Packer::FixStubReloc--->Old Reloc:1751230940
[*]Packer::FixStubReloc--->New Reloc:5433820
[*]Packer::FixStubReloc--->Old Reloc:1751269296
[*]Packer::FixStubReloc--->New Reloc:5472176
[*]Packer::FixStubReloc--->Old Reloc:1751269304
[*]Packer::FixStubReloc--->New Reloc:5472184
[*]Packer::FixStubReloc--->Old Reloc:1751269316
[*]Packer::FixStubReloc--->New Reloc:5472196
[*]Packer::FixStubReloc--->Old Reloc:1751230880
[*]Packer::FixStubReloc--->New Reloc:5433760
[*]Packer::FixStubReloc--->Old Reloc:1751230896
[*]Packer::FixStubReloc--->New Reloc:5433776
[*]Packer::FixStubReloc--->Old Reloc:1751230908
[*]Packer::FixStubReloc--->New Reloc:5433788
[*]Packer::FixStubReloc--->Old Reloc:1751230940
[*]Packer::FixStubReloc--->New Reloc:5433820
[*]Packer::FixStubReloc--->Old Reloc:1751269660
[*]Packer::FixStubReloc--->New Reloc:5472540
[*]Packer::FixStubReloc--->Old Reloc:1751269668
[*]Packer::FixStubReloc--->New Reloc:5472548
[*]Packer::FixStubReloc--->Old Reloc:1751269680
[*]Packer::FixStubReloc--->New Reloc:5472560
[*]Packer::FixStubReloc--->Old Reloc:1751231196
[*]Packer::FixStubReloc--->New Reloc:5434076
[*]Packer::FixStubReloc--->Old Reloc:1751231216
[*]Packer::FixStubReloc--->New Reloc:5434096
[*]Packer::FixStubReloc--->Old Reloc:1751270756
[*]Packer::FixStubReloc--->New Reloc:5473636
[*]Packer::FixStubReloc--->Old Reloc:1751270764
[*]Packer::FixStubReloc--->New Reloc:5473644
[*]Packer::FixStubReloc--->Old Reloc:1751270776
[*]Packer::FixStubReloc--->New Reloc:5473656
[*]Packer::FixStubReloc--->Old Reloc:1751231328
[*]Packer::FixStubReloc--->New Reloc:5434208
[*]Packer::FixStubReloc--->Old Reloc:1751271104
[*]Packer::FixStubReloc--->New Reloc:5473984
[*]Packer::FixStubReloc--->Old Reloc:1751271112
[*]Packer::FixStubReloc--->New Reloc:5473992
[*]Packer::FixStubReloc--->Old Reloc:1751271124
[*]Packer::FixStubReloc--->New Reloc:5474004
[*]Packer::FixStubReloc--->Old Reloc:1751231328
[*]Packer::FixStubReloc--->New Reloc:5434208
[*]Packer::FixStubReloc--->Old Reloc:1751226608
[*]Packer::FixStubReloc--->New Reloc:5429488
[*]Packer::FixStubReloc--->Old Reloc:1751310352
[*]Packer::FixStubReloc--->New Reloc:5513232
[*]Packer::FixStubReloc--->Old Reloc:1751226608
[*]Packer::FixStubReloc--->New Reloc:5429488
[*]Packer::FixStubReloc--->Old Reloc:1751226608
[*]Packer::FixStubReloc--->New Reloc:5429488
[*]Packer::FixStubReloc--->Old Reloc:1751301472
[*]Packer::FixStubReloc--->New Reloc:5504352
[*]Packer::FixStubReloc--->Old Reloc:1751226608
[*]Packer::FixStubReloc--->New Reloc:5429488
[*]Packer::FixStubReloc--->Old Reloc:1751226608
[*]Packer::FixStubReloc--->New Reloc:5429488
[*]Packer::FixStubReloc--->Old Reloc:1751310352
[*]Packer::FixStubReloc--->New Reloc:5513232
[*]Packer::FixStubReloc--->Old Reloc:1751231404
[*]Packer::FixStubReloc--->New Reloc:5434284
[*]Packer::FixStubReloc--->Old Reloc:1751301656
[*]Packer::FixStubReloc--->New Reloc:5504536
[*]Packer::FixStubReloc--->Old Reloc:1751231420
[*]Packer::FixStubReloc--->New Reloc:5434300
[*]Packer::FixStubReloc--->Old Reloc:1751301656
[*]Packer::FixStubReloc--->New Reloc:5504536
[*]Packer::FixStubReloc--->Old Reloc:1751231432
[*]Packer::FixStubReloc--->New Reloc:5434312
[*]Packer::FixStubReloc--->Old Reloc:1751301656
[*]Packer::FixStubReloc--->New Reloc:5504536
[*]Packer::FixStubReloc--->Old Reloc:1751231448
[*]Packer::FixStubReloc--->New Reloc:5434328
[*]Packer::FixStubReloc--->Old Reloc:1751301652
[*]Packer::FixStubReloc--->New Reloc:5504532
[*]Packer::FixStubReloc--->Old Reloc:1751231476
[*]Packer::FixStubReloc--->New Reloc:5434356
[*]Packer::FixStubReloc--->Old Reloc:1751301652
[*]Packer::FixStubReloc--->New Reloc:5504532
[*]Packer::FixStubReloc--->Old Reloc:1751231496
[*]Packer::FixStubReloc--->New Reloc:5434376
[*]Packer::FixStubReloc--->Old Reloc:1751301652
[*]Packer::FixStubReloc--->New Reloc:5504532
[*]Packer::FixStubReloc--->Old Reloc:1751231512
[*]Packer::FixStubReloc--->New Reloc:5434392
[*]Packer::FixStubReloc--->Old Reloc:1751301652
[*]Packer::FixStubReloc--->New Reloc:5504532
[*]Packer::FixStubReloc--->Old Reloc:1751231532
[*]Packer::FixStubReloc--->New Reloc:5434412
[*]Packer::FixStubReloc--->Old Reloc:1751301652
[*]Packer::FixStubReloc--->New Reloc:5504532
[*]Packer::FixStubReloc--->Old Reloc:1751231552
[*]Packer::FixStubReloc--->New Reloc:5434432
[*]Packer::FixStubReloc--->Old Reloc:1751301652
[*]Packer::FixStubReloc--->New Reloc:5504532
[*]Packer::FixStubReloc--->Old Reloc:1751231568
[*]Packer::FixStubReloc--->New Reloc:5434448
[*]Packer::FixStubReloc--->Old Reloc:1751301652
[*]Packer::FixStubReloc--->New Reloc:5504532
[*]Packer::FixStubReloc--->Old Reloc:1751231588
[*]Packer::FixStubReloc--->New Reloc:5434468
[*]Packer::FixStubReloc--->Old Reloc:1751301652
[*]Packer::FixStubReloc--->New Reloc:5504532
[*]Packer::FixStubReloc--->Old Reloc:1751231612
[*]Packer::FixStubReloc--->New Reloc:5434492
[*]Packer::FixStubReloc--->Old Reloc:1751301652
[*]Packer::FixStubReloc--->New Reloc:5504532
[*]Packer::FixStubReloc--->Old Reloc:1751231628
[*]Packer::FixStubReloc--->New Reloc:5434508
[*]Packer::FixStubReloc--->Old Reloc:1751301652
[*]Packer::FixStubReloc--->New Reloc:5504532
[*]Packer::FixStubReloc--->Old Reloc:1751231292
[*]Packer::FixStubReloc--->New Reloc:5434172
[*]Packer::FixStubReloc--->Old Reloc:1751301652
[*]Packer::FixStubReloc--->New Reloc:5504532
[*]Packer::FixStubReloc--->Old Reloc:1751231640
[*]Packer::FixStubReloc--->New Reloc:5434520
[*]Packer::FixStubReloc--->Old Reloc:1751301652
[*]Packer::FixStubReloc--->New Reloc:5504532
[*]Packer::FixStubReloc--->Old Reloc:1751301408
[*]Packer::FixStubReloc--->New Reloc:5504288
[*]Packer::FixStubReloc--->Old Reloc:1751301404
[*]Packer::FixStubReloc--->New Reloc:5504284
[*]Packer::FixStubReloc--->Old Reloc:1751301412
[*]Packer::FixStubReloc--->New Reloc:5504292
[*]Packer::FixStubReloc--->Old Reloc:1751301664
[*]Packer::FixStubReloc--->New Reloc:5504544
[*]Packer::FixStubReloc--->Old Reloc:1751301664
[*]Packer::FixStubReloc--->New Reloc:5504544
[*]Packer::FixStubReloc--->Old Reloc:1751272840
[*]Packer::FixStubReloc--->New Reloc:5475720
[*]Packer::FixStubReloc--->Old Reloc:1751272848
[*]Packer::FixStubReloc--->New Reloc:5475728
[*]Packer::FixStubReloc--->Old Reloc:1751272994
[*]Packer::FixStubReloc--->New Reloc:5475874
[*]Packer::FixStubReloc--->Old Reloc:1751272988
[*]Packer::FixStubReloc--->New Reloc:5475868
[*]Packer::FixStubReloc--->Old Reloc:1751272984
[*]Packer::FixStubReloc--->New Reloc:5475864
[*]Packer::FixStubReloc--->Old Reloc:1751272973
[*]Packer::FixStubReloc--->New Reloc:5475853
[*]Packer::FixStubReloc--->Old Reloc:1751272968
[*]Packer::FixStubReloc--->New Reloc:5475848
[*]Packer::FixStubReloc--->Old Reloc:1751272962
[*]Packer::FixStubReloc--->New Reloc:5475842
[*]Packer::FixStubReloc--->Old Reloc:1751272954
[*]Packer::FixStubReloc--->New Reloc:5475834
[*]Packer::FixStubReloc--->Old Reloc:1751272944
[*]Packer::FixStubReloc--->New Reloc:5475824
[*]Packer::FixStubReloc--->Old Reloc:1751310344
[*]Packer::FixStubReloc--->New Reloc:5513224
[*]Packer::FixStubReloc--->Old Reloc:1751301656
[*]Packer::FixStubReloc--->New Reloc:5504536
[*]Packer::FixStubReloc--->Old Reloc:1751301652
[*]Packer::FixStubReloc--->New Reloc:5504532
[*]Packer::FixStubReloc--->Old Reloc:1751301668
[*]Packer::FixStubReloc--->New Reloc:5504548
[*]Packer::FixStubReloc--->Old Reloc:1751301680
[*]Packer::FixStubReloc--->New Reloc:5504560
[*]Packer::FixStubReloc--->Old Reloc:1751301664
[*]Packer::FixStubReloc--->New Reloc:5504544
[*]Packer::FixStubReloc--->Old Reloc:1751301664
[*]Packer::FixStubReloc--->New Reloc:5504544
[*]Packer::FixStubReloc--->Old Reloc:1751274308
[*]Packer::FixStubReloc--->New Reloc:5477188
[*]Packer::FixStubReloc--->Old Reloc:1751274316
[*]Packer::FixStubReloc--->New Reloc:5477196
[*]Packer::FixStubReloc--->Old Reloc:1751274350
[*]Packer::FixStubReloc--->New Reloc:5477230
[*]Packer::FixStubReloc--->Old Reloc:1751274340
[*]Packer::FixStubReloc--->New Reloc:5477220
[*]Packer::FixStubReloc--->Old Reloc:1751231432
[*]Packer::FixStubReloc--->New Reloc:5434312
[*]Packer::FixStubReloc--->Old Reloc:1751301656
[*]Packer::FixStubReloc--->New Reloc:5504536
[*]Packer::FixStubReloc--->Old Reloc:1751231612
[*]Packer::FixStubReloc--->New Reloc:5434492
[*]Packer::FixStubReloc--->Old Reloc:1751301652
[*]Packer::FixStubReloc--->New Reloc:5504532
[*]Packer::FixStubReloc--->Old Reloc:1751231628
[*]Packer::FixStubReloc--->New Reloc:5434508
[*]Packer::FixStubReloc--->Old Reloc:1751301652
[*]Packer::FixStubReloc--->New Reloc:5504532
[*]Packer::FixStubReloc--->Old Reloc:1751231640
[*]Packer::FixStubReloc--->New Reloc:5434520
[*]Packer::FixStubReloc--->Old Reloc:1751301652
[*]Packer::FixStubReloc--->New Reloc:5504532
[*]Packer::FixStubReloc--->Old Reloc:1751301664
[*]Packer::FixStubReloc--->New Reloc:5504544
[*]Packer::FixStubReloc--->Old Reloc:1751301664
[*]Packer::FixStubReloc--->New Reloc:5504544
[*]Packer::FixStubReloc--->Old Reloc:1751275196
[*]Packer::FixStubReloc--->New Reloc:5478076
[*]Packer::FixStubReloc--->Old Reloc:1751275204
[*]Packer::FixStubReloc--->New Reloc:5478084
[*]Packer::FixStubReloc--->Old Reloc:1751275216
[*]Packer::FixStubReloc--->New Reloc:5478096
[*]Packer::FixStubReloc--->Old Reloc:1751301660
[*]Packer::FixStubReloc--->New Reloc:5504540
[*]Packer::FixStubReloc--->Old Reloc:1751301656
[*]Packer::FixStubReloc--->New Reloc:5504536
[*]Packer::FixStubReloc--->Old Reloc:1751301652
[*]Packer::FixStubReloc--->New Reloc:5504532
[*]Packer::FixStubReloc--->Old Reloc:1751301652
[*]Packer::FixStubReloc--->New Reloc:5504532
[*]Packer::FixStubReloc--->Old Reloc:1751301664
[*]Packer::FixStubReloc--->New Reloc:5504544
[*]Packer::FixStubReloc--->Old Reloc:1751301664
[*]Packer::FixStubReloc--->New Reloc:5504544
[*]Packer::FixStubReloc--->Old Reloc:1751275888
[*]Packer::FixStubReloc--->New Reloc:5478768
[*]Packer::FixStubReloc--->Old Reloc:1751275896
[*]Packer::FixStubReloc--->New Reloc:5478776
[*]Packer::FixStubReloc--->Old Reloc:1751275908
[*]Packer::FixStubReloc--->New Reloc:5478788
[*]Packer::FixStubReloc--->Old Reloc:1751301652
[*]Packer::FixStubReloc--->New Reloc:5504532
[*]Packer::FixStubReloc--->Old Reloc:1751230880
[*]Packer::FixStubReloc--->New Reloc:5433760
[*]Packer::FixStubReloc--->Old Reloc:1751301652
[*]Packer::FixStubReloc--->New Reloc:5504532
[*]Packer::FixStubReloc--->Old Reloc:1751301656
[*]Packer::FixStubReloc--->New Reloc:5504536
[*]Packer::FixStubReloc--->Old Reloc:1751231196
[*]Packer::FixStubReloc--->New Reloc:5434076
[*]Packer::FixStubReloc--->Old Reloc:1751301652
[*]Packer::FixStubReloc--->New Reloc:5504532
[*]Packer::FixStubReloc--->Old Reloc:1751301660
[*]Packer::FixStubReloc--->New Reloc:5504540
[*]Packer::FixStubReloc--->Old Reloc:1751231216
[*]Packer::FixStubReloc--->New Reloc:5434096
[*]Packer::FixStubReloc--->Old Reloc:1751301652
[*]Packer::FixStubReloc--->New Reloc:5504532
[*]Packer::FixStubReloc--->Old Reloc:1751301664
[*]Packer::FixStubReloc--->New Reloc:5504544
[*]Packer::FixStubReloc--->Old Reloc:1751231244
[*]Packer::FixStubReloc--->New Reloc:5434124
[*]Packer::FixStubReloc--->Old Reloc:1751301652
[*]Packer::FixStubReloc--->New Reloc:5504532
[*]Packer::FixStubReloc--->Old Reloc:1751301672
[*]Packer::FixStubReloc--->New Reloc:5504552
[*]Packer::FixStubReloc--->Old Reloc:1751231260
[*]Packer::FixStubReloc--->New Reloc:5434140
[*]Packer::FixStubReloc--->Old Reloc:1751301652
[*]Packer::FixStubReloc--->New Reloc:5504532
[*]Packer::FixStubReloc--->Old Reloc:1751301668
[*]Packer::FixStubReloc--->New Reloc:5504548
[*]Packer::FixStubReloc--->Old Reloc:1751231276
[*]Packer::FixStubReloc--->New Reloc:5434156
[*]Packer::FixStubReloc--->Old Reloc:1751301652
[*]Packer::FixStubReloc--->New Reloc:5504532
[*]Packer::FixStubReloc--->Old Reloc:1751301676
[*]Packer::FixStubReloc--->New Reloc:5504556
[*]Packer::FixStubReloc--->Old Reloc:1751230896
[*]Packer::FixStubReloc--->New Reloc:5433776
[*]Packer::FixStubReloc--->Old Reloc:1751301656
[*]Packer::FixStubReloc--->New Reloc:5504536
[*]Packer::FixStubReloc--->Old Reloc:1751231292
[*]Packer::FixStubReloc--->New Reloc:5434172
[*]Packer::FixStubReloc--->Old Reloc:1751301652
[*]Packer::FixStubReloc--->New Reloc:5504532
[*]Packer::FixStubReloc--->Old Reloc:1751301680
[*]Packer::FixStubReloc--->New Reloc:5504560
[*]Packer::FixStubReloc--->Old Reloc:1751231308
[*]Packer::FixStubReloc--->New Reloc:5434188
[*]Packer::FixStubReloc--->Old Reloc:1751301684
[*]Packer::FixStubReloc--->New Reloc:5504564
[*]Packer::FixStubReloc--->Old Reloc:1751301436
[*]Packer::FixStubReloc--->New Reloc:5504316
[*]Packer::FixStubReloc--->Old Reloc:1751301684
[*]Packer::FixStubReloc--->New Reloc:5504564
[*]Packer::FixStubReloc--->Old Reloc:1751301664
[*]Packer::FixStubReloc--->New Reloc:5504544
[*]Packer::FixStubReloc--->Old Reloc:1751301684
[*]Packer::FixStubReloc--->New Reloc:5504564
[*]Packer::FixStubReloc--->Old Reloc:1751301404
[*]Packer::FixStubReloc--->New Reloc:5504284
[*]Packer::FixStubReloc--->Old Reloc:1751301684
[*]Packer::FixStubReloc--->New Reloc:5504564
[*]Packer::FixStubReloc--->Old Reloc:1751301684
[*]Packer::FixStubReloc--->New Reloc:5504564
[*]Packer::FixStubReloc--->Old Reloc:1751301684
[*]Packer::FixStubReloc--->New Reloc:5504564
[*]Packer::FixStubReloc--->Old Reloc:1751301664
[*]Packer::FixStubReloc--->New Reloc:5504544
[*]Packer::FixStubReloc--->Old Reloc:1751277768
[*]Packer::FixStubReloc--->New Reloc:5480648
[*]Packer::FixStubReloc--->Old Reloc:1751277776
[*]Packer::FixStubReloc--->New Reloc:5480656
[*]Packer::FixStubReloc--->Old Reloc:1751277788
[*]Packer::FixStubReloc--->New Reloc:5480668
[*]Packer::FixStubReloc--->Old Reloc:1751301660
[*]Packer::FixStubReloc--->New Reloc:5504540
[*]Packer::FixStubReloc--->Old Reloc:1751301640
[*]Packer::FixStubReloc--->New Reloc:5504520
[*]Packer::FixStubReloc--->Old Reloc:1751301664
[*]Packer::FixStubReloc--->New Reloc:5504544
[*]Packer::FixStubReloc--->Old Reloc:1751301480
[*]Packer::FixStubReloc--->New Reloc:5504360
[*]Packer::FixStubReloc--->Old Reloc:1751301480
[*]Packer::FixStubReloc--->New Reloc:5504360
[*]Packer::FixStubReloc--->Old Reloc:1751301664
[*]Packer::FixStubReloc--->New Reloc:5504544
[*]Packer::FixStubReloc--->Old Reloc:1751278188
[*]Packer::FixStubReloc--->New Reloc:5481068
[*]Packer::FixStubReloc--->Old Reloc:1751278196
[*]Packer::FixStubReloc--->New Reloc:5481076
[*]Packer::FixStubReloc--->Old Reloc:1751278208
[*]Packer::FixStubReloc--->New Reloc:5481088
[*]Packer::FixStubReloc--->Old Reloc:1751301660
[*]Packer::FixStubReloc--->New Reloc:5504540
[*]Packer::FixStubReloc--->Old Reloc:1751301664
[*]Packer::FixStubReloc--->New Reloc:5504544
[*]Packer::FixStubReloc--->Old Reloc:1751301664
[*]Packer::FixStubReloc--->New Reloc:5504544
[*]Packer::FixStubReloc--->Old Reloc:1751278472
[*]Packer::FixStubReloc--->New Reloc:5481352
[*]Packer::FixStubReloc--->Old Reloc:1751278480
[*]Packer::FixStubReloc--->New Reloc:5481360
[*]Packer::FixStubReloc--->Old Reloc:1751278492
[*]Packer::FixStubReloc--->New Reloc:5481372
[*]Packer::FixStubReloc--->Old Reloc:1751301660
[*]Packer::FixStubReloc--->New Reloc:5504540
[*]Packer::FixStubReloc--->Old Reloc:1751231236
[*]Packer::FixStubReloc--->New Reloc:5434116
[*]Packer::FixStubReloc--->Old Reloc:1751278837
[*]Packer::FixStubReloc--->New Reloc:5481717
[*]Packer::FixStubReloc--->Old Reloc:1751301416
[*]Packer::FixStubReloc--->New Reloc:5504296
[*]Packer::FixStubReloc--->Old Reloc:1751301404
[*]Packer::FixStubReloc--->New Reloc:5504284
[*]Packer::FixStubReloc--->Old Reloc:1751301688
[*]Packer::FixStubReloc--->New Reloc:5504568
[*]Packer::FixStubReloc--->Old Reloc:1751301688
[*]Packer::FixStubReloc--->New Reloc:5504568
[*]Packer::FixStubReloc--->Old Reloc:1751310336
[*]Packer::FixStubReloc--->New Reloc:5513216
[*]Packer::FixStubReloc--->Old Reloc:1751310340
[*]Packer::FixStubReloc--->New Reloc:5513220
[*]Packer::FixStubReloc--->Old Reloc:1751310344
[*]Packer::FixStubReloc--->New Reloc:5513224
[*]Packer::FixStubReloc--->Old Reloc:1751310348
[*]Packer::FixStubReloc--->New Reloc:5513228
[*]Packer::FixStubReloc--->Old Reloc:1751310352
[*]Packer::FixStubReloc--->New Reloc:5513232
[*]Packer::FixStubReloc--->Old Reloc:1751192022
[*]Packer::FixStubReloc--->New Reloc:5394902
[*]Packer::FixStubReloc--->Old Reloc:1751191737
[*]Packer::FixStubReloc--->New Reloc:5394617
[*]Packer::FixStubReloc--->Old Reloc:1751301753
[*]Packer::FixStubReloc--->New Reloc:5504633
[*]Packer::FixStubReloc--->Old Reloc:1751301753
[*]Packer::FixStubReloc--->New Reloc:5504633
[*]Packer::FixStubReloc--->Old Reloc:1751279788
[*]Packer::FixStubReloc--->New Reloc:5482668
[*]Packer::FixStubReloc--->Old Reloc:1751279726
[*]Packer::FixStubReloc--->New Reloc:5482606
[*]Packer::FixStubReloc--->Old Reloc:1751279708
[*]Packer::FixStubReloc--->New Reloc:5482588
[*]Packer::FixStubReloc--->Old Reloc:1751279757
[*]Packer::FixStubReloc--->New Reloc:5482637
[*]Packer::FixStubReloc--->Old Reloc:1751279767
[*]Packer::FixStubReloc--->New Reloc:5482647
[*]Packer::FixStubReloc--->Old Reloc:1751297096
[*]Packer::FixStubReloc--->New Reloc:5499976
[*]Packer::FixStubReloc--->Old Reloc:1751287296
[*]Packer::FixStubReloc--->New Reloc:5490176
[*]Packer::FixStubReloc--->Old Reloc:1751226752
[*]Packer::FixStubReloc--->New Reloc:5429632
[*]Packer::FixStubReloc--->Old Reloc:1751301812
[*]Packer::FixStubReloc--->New Reloc:5504692
[*]Packer::FixStubReloc--->Old Reloc:1751301812
[*]Packer::FixStubReloc--->New Reloc:5504692
[*]Packer::FixStubReloc--->Old Reloc:1751206084
[*]Packer::FixStubReloc--->New Reloc:5408964
[*]Packer::FixStubReloc--->Old Reloc:1751201980
[*]Packer::FixStubReloc--->New Reloc:5404860
[*]Packer::FixStubReloc--->Old Reloc:1751197876
[*]Packer::FixStubReloc--->New Reloc:5400756
[*]Packer::FixStubReloc--->Old Reloc:1751193328
[*]Packer::FixStubReloc--->New Reloc:5396208
[*]Packer::FixStubReloc--->Old Reloc:1751301812
[*]Packer::FixStubReloc--->New Reloc:5504692
[*]Packer::FixStubReloc--->Old Reloc:1751314432
[*]Packer::FixStubReloc--->New Reloc:5517312
[*]Packer::FixStubReloc--->Old Reloc:1751301756
[*]Packer::FixStubReloc--->New Reloc:5504636
[*]Packer::FixStubReloc--->Old Reloc:1751301756
[*]Packer::FixStubReloc--->New Reloc:5504636
[*]Packer::FixStubReloc--->Old Reloc:1751297128
[*]Packer::FixStubReloc--->New Reloc:5500008
[*]Packer::FixStubReloc--->Old Reloc:1751287296
[*]Packer::FixStubReloc--->New Reloc:5490176
[*]Packer::FixStubReloc--->Old Reloc:1751226752
[*]Packer::FixStubReloc--->New Reloc:5429632
[*]Packer::FixStubReloc--->Old Reloc:1751301756
[*]Packer::FixStubReloc--->New Reloc:5504636
[*]Packer::FixStubReloc--->Old Reloc:1751301756
[*]Packer::FixStubReloc--->New Reloc:5504636
[*]Packer::FixStubReloc--->Old Reloc:1751301756
[*]Packer::FixStubReloc--->New Reloc:5504636
[*]Packer::FixStubReloc--->Old Reloc:1751301812
[*]Packer::FixStubReloc--->New Reloc:5504692
[*]Packer::FixStubReloc--->Old Reloc:1751301812
[*]Packer::FixStubReloc--->New Reloc:5504692
[*]Packer::FixStubReloc--->Old Reloc:1751297160
[*]Packer::FixStubReloc--->New Reloc:5500040
[*]Packer::FixStubReloc--->Old Reloc:1751287296
[*]Packer::FixStubReloc--->New Reloc:5490176
[*]Packer::FixStubReloc--->Old Reloc:1751226752
[*]Packer::FixStubReloc--->New Reloc:5429632
[*]Packer::FixStubReloc--->Old Reloc:1751301756
[*]Packer::FixStubReloc--->New Reloc:5504636
[*]Packer::FixStubReloc--->Old Reloc:1751279680
[*]Packer::FixStubReloc--->New Reloc:5482560
[*]Packer::FixStubReloc--->Old Reloc:1751231652
[*]Packer::FixStubReloc--->New Reloc:5434532
[*]Packer::FixStubReloc--->Old Reloc:1751231652
[*]Packer::FixStubReloc--->New Reloc:5434532
[*]Packer::FixStubReloc--->Old Reloc:1751314432
[*]Packer::FixStubReloc--->New Reloc:5517312
[*]Packer::FixStubReloc--->Old Reloc:1751226752
[*]Packer::FixStubReloc--->New Reloc:5429632
[*]Packer::FixStubReloc--->Old Reloc:1751226736
[*]Packer::FixStubReloc--->New Reloc:5429616
[*]Packer::FixStubReloc--->Old Reloc:1751233008
[*]Packer::FixStubReloc--->New Reloc:5435888
[*]Packer::FixStubReloc--->Old Reloc:1751233096
[*]Packer::FixStubReloc--->New Reloc:5435976
[*]Packer::FixStubReloc--->Old Reloc:1751233100
[*]Packer::FixStubReloc--->New Reloc:5435980
[*]Packer::FixStubReloc--->Old Reloc:1751233104
[*]Packer::FixStubReloc--->New Reloc:5435984
[*]Packer::FixStubReloc--->Old Reloc:1751233116
[*]Packer::FixStubReloc--->New Reloc:5435996
[*]Packer::FixStubReloc--->Old Reloc:1751233168
[*]Packer::FixStubReloc--->New Reloc:5436048
[*]Packer::FixStubReloc--->Old Reloc:1751233180
[*]Packer::FixStubReloc--->New Reloc:5436060
[*]Packer::FixStubReloc--->Old Reloc:1751233200
[*]Packer::FixStubReloc--->New Reloc:5436080
[*]Packer::FixStubReloc--->Old Reloc:1751233288
[*]Packer::FixStubReloc--->New Reloc:5436168
[*]Packer::FixStubReloc--->Old Reloc:1751226720
[*]Packer::FixStubReloc--->New Reloc:5429600
[*]Packer::FixStubReloc--->Old Reloc:1751231656
[*]Packer::FixStubReloc--->New Reloc:5434536
[*]Packer::FixStubReloc--->Old Reloc:1751231676
[*]Packer::FixStubReloc--->New Reloc:5434556
[*]Packer::FixStubReloc--->Old Reloc:1751226752
[*]Packer::FixStubReloc--->New Reloc:5429632
[*]Packer::FixStubReloc--->Old Reloc:1751226728
[*]Packer::FixStubReloc--->New Reloc:5429608
[*]Packer::FixStubReloc--->Old Reloc:1751231704
[*]Packer::FixStubReloc--->New Reloc:5434584
[*]Packer::FixStubReloc--->Old Reloc:1751231732
[*]Packer::FixStubReloc--->New Reloc:5434612
[*]Packer::FixStubReloc--->Old Reloc:1751232952
[*]Packer::FixStubReloc--->New Reloc:5435832
[*]Packer::FixStubReloc--->Old Reloc:1751233000
[*]Packer::FixStubReloc--->New Reloc:5435880
[*]Packer::FixStubReloc--->Old Reloc:1751226752
[*]Packer::FixStubReloc--->New Reloc:5429632
[*]Packer::FixStubReloc--->Old Reloc:1751310428
[*]Packer::FixStubReloc--->New Reloc:5513308
[*]Packer::FixStubReloc--->Old Reloc:1751310428
[*]Packer::FixStubReloc--->New Reloc:5513308
[*]Packer::FixStubReloc--->Old Reloc:1751232656
[*]Packer::FixStubReloc--->New Reloc:5435536
[*]Packer::FixStubReloc--->Old Reloc:1751231680
[*]Packer::FixStubReloc--->New Reloc:5434560
[*]Packer::FixStubReloc--->Old Reloc:1751310436
[*]Packer::FixStubReloc--->New Reloc:5513316
[*]Packer::FixStubReloc--->Old Reloc:1751232792
[*]Packer::FixStubReloc--->New Reloc:5435672
[*]Packer::FixStubReloc--->Old Reloc:1751314432
[*]Packer::FixStubReloc--->New Reloc:5517312
[*]Packer::FixStubReloc--->Old Reloc:1751232868
[*]Packer::FixStubReloc--->New Reloc:5435748
[*]Packer::FixStubReloc--->Old Reloc:1751310424
[*]Packer::FixStubReloc--->New Reloc:5513304
[*]Packer::FixStubReloc--->Old Reloc:1751232888
[*]Packer::FixStubReloc--->New Reloc:5435768
[*]Packer::FixStubReloc--->Old Reloc:1751310424
[*]Packer::FixStubReloc--->New Reloc:5513304
[*]Packer::FixStubReloc--->Old Reloc:1751232912
[*]Packer::FixStubReloc--->New Reloc:5435792
[*]Packer::FixStubReloc--->Old Reloc:1751314432
[*]Packer::FixStubReloc--->New Reloc:5517312
[*]Packer::FixStubReloc--->Old Reloc:1751297192
[*]Packer::FixStubReloc--->New Reloc:5500072
[*]Packer::FixStubReloc--->Old Reloc:1751290080
[*]Packer::FixStubReloc--->New Reloc:5492960
[*]Packer::FixStubReloc--->Old Reloc:1751226752
[*]Packer::FixStubReloc--->New Reloc:5429632
[*]Packer::FixStubReloc--->Old Reloc:1751310432
[*]Packer::FixStubReloc--->New Reloc:5513312
[*]Packer::FixStubReloc--->Old Reloc:1751226752
[*]Packer::FixStubReloc--->New Reloc:5429632
[*]Packer::FixStubReloc--->Old Reloc:1751226732
[*]Packer::FixStubReloc--->New Reloc:5429612
[*]Packer::FixStubReloc--->Old Reloc:1751231752
[*]Packer::FixStubReloc--->New Reloc:5434632
[*]Packer::FixStubReloc--->Old Reloc:1751231768
[*]Packer::FixStubReloc--->New Reloc:5434648
[*]Packer::FixStubReloc--->Old Reloc:1751233320
[*]Packer::FixStubReloc--->New Reloc:5436200
[*]Packer::FixStubReloc--->Old Reloc:1751301760
[*]Packer::FixStubReloc--->New Reloc:5504640
[*]Packer::FixStubReloc--->Old Reloc:1751301772
[*]Packer::FixStubReloc--->New Reloc:5504652
[*]Packer::FixStubReloc--->Old Reloc:1751301776
[*]Packer::FixStubReloc--->New Reloc:5504656
[*]Packer::FixStubReloc--->Old Reloc:1751233384
[*]Packer::FixStubReloc--->New Reloc:5436264
[*]Packer::FixStubReloc--->Old Reloc:1751301772
[*]Packer::FixStubReloc--->New Reloc:5504652
[*]Packer::FixStubReloc--->Old Reloc:1751301772
[*]Packer::FixStubReloc--->New Reloc:5504652
[*]Packer::FixStubReloc--->Old Reloc:1751301776
[*]Packer::FixStubReloc--->New Reloc:5504656
[*]Packer::FixStubReloc--->Old Reloc:1751301776
[*]Packer::FixStubReloc--->New Reloc:5504656
[*]Packer::FixStubReloc--->Old Reloc:1751301776
[*]Packer::FixStubReloc--->New Reloc:5504656
[*]Packer::FixStubReloc--->Old Reloc:1751301772
[*]Packer::FixStubReloc--->New Reloc:5504652
[*]Packer::FixStubReloc--->Old Reloc:1751226720
[*]Packer::FixStubReloc--->New Reloc:5429600
[*]Packer::FixStubReloc--->Old Reloc:1751226720
[*]Packer::FixStubReloc--->New Reloc:5429600
[*]Packer::FixStubReloc--->Old Reloc:1751310408
[*]Packer::FixStubReloc--->New Reloc:5513288
[*]Packer::FixStubReloc--->Old Reloc:1751310412
[*]Packer::FixStubReloc--->New Reloc:5513292
[*]Packer::FixStubReloc--->Old Reloc:1751310416
[*]Packer::FixStubReloc--->New Reloc:5513296
[*]Packer::FixStubReloc--->Old Reloc:1751310420
[*]Packer::FixStubReloc--->New Reloc:5513300
[*]Packer::FixStubReloc--->Old Reloc:1751226752
[*]Packer::FixStubReloc--->New Reloc:5429632
[*]Packer::FixStubReloc--->Old Reloc:1751226752
[*]Packer::FixStubReloc--->New Reloc:5429632
[*]Packer::FixStubReloc--->Old Reloc:1751226752
[*]Packer::FixStubReloc--->New Reloc:5429632
[*]Packer::FixStubReloc--->Old Reloc:1751226748
[*]Packer::FixStubReloc--->New Reloc:5429628
[*]Packer::FixStubReloc--->Old Reloc:1751226752
[*]Packer::FixStubReloc--->New Reloc:5429632
[*]Packer::FixStubReloc--->Old Reloc:1751226748
[*]Packer::FixStubReloc--->New Reloc:5429628
[*]Packer::FixStubReloc--->Old Reloc:1751301784
[*]Packer::FixStubReloc--->New Reloc:5504664
[*]Packer::FixStubReloc--->Old Reloc:1751310404
[*]Packer::FixStubReloc--->New Reloc:5513284
[*]Packer::FixStubReloc--->Old Reloc:1751301784
[*]Packer::FixStubReloc--->New Reloc:5504664
[*]Packer::FixStubReloc--->Old Reloc:1751301800
[*]Packer::FixStubReloc--->New Reloc:5504680
[*]Packer::FixStubReloc--->Old Reloc:1751226752
[*]Packer::FixStubReloc--->New Reloc:5429632
[*]Packer::FixStubReloc--->Old Reloc:1751226752
[*]Packer::FixStubReloc--->New Reloc:5429632
[*]Packer::FixStubReloc--->Old Reloc:1751226752
[*]Packer::FixStubReloc--->New Reloc:5429632
[*]Packer::FixStubReloc--->Old Reloc:1751226752
[*]Packer::FixStubReloc--->New Reloc:5429632
[*]Packer::FixStubReloc--->Old Reloc:1751301816
[*]Packer::FixStubReloc--->New Reloc:5504696
[*]Packer::FixStubReloc--->Old Reloc:1751314432
[*]Packer::FixStubReloc--->New Reloc:5517312
[*]Packer::FixStubReloc--->Old Reloc:1751301824
[*]Packer::FixStubReloc--->New Reloc:5504704
[*]Packer::FixStubReloc--->Old Reloc:1751301820
[*]Packer::FixStubReloc--->New Reloc:5504700
[*]Packer::FixStubReloc--->Old Reloc:1751301821
[*]Packer::FixStubReloc--->New Reloc:5504701
[*]Packer::FixStubReloc--->Old Reloc:1751301824
[*]Packer::FixStubReloc--->New Reloc:5504704
[*]Packer::FixStubReloc--->Old Reloc:1751301836
[*]Packer::FixStubReloc--->New Reloc:5504716
[*]Packer::FixStubReloc--->Old Reloc:1751301824
[*]Packer::FixStubReloc--->New Reloc:5504704
[*]Packer::FixStubReloc--->Old Reloc:1751301828
[*]Packer::FixStubReloc--->New Reloc:5504708
[*]Packer::FixStubReloc--->Old Reloc:1751301832
[*]Packer::FixStubReloc--->New Reloc:5504712
[*]Packer::FixStubReloc--->Old Reloc:1751301836
[*]Packer::FixStubReloc--->New Reloc:5504716
[*]Packer::FixStubReloc--->Old Reloc:1751301840
[*]Packer::FixStubReloc--->New Reloc:5504720
[*]Packer::FixStubReloc--->Old Reloc:1751301844
[*]Packer::FixStubReloc--->New Reloc:5504724
[*]Packer::FixStubReloc--->Old Reloc:1751301821
[*]Packer::FixStubReloc--->New Reloc:5504701
[*]Packer::FixStubReloc--->Old Reloc:1751297224
[*]Packer::FixStubReloc--->New Reloc:5500104
[*]Packer::FixStubReloc--->Old Reloc:1751287296
[*]Packer::FixStubReloc--->New Reloc:5490176
[*]Packer::FixStubReloc--->Old Reloc:1751226752
[*]Packer::FixStubReloc--->New Reloc:5429632
[*]Packer::FixStubReloc--->Old Reloc:1751121920
[*]Packer::FixStubReloc--->New Reloc:5324800
[*]Packer::FixStubReloc--->Old Reloc:1751301816
[*]Packer::FixStubReloc--->New Reloc:5504696
[*]Packer::FixStubReloc--->Old Reloc:1751301820
[*]Packer::FixStubReloc--->New Reloc:5504700
[*]Packer::FixStubReloc--->Old Reloc:1751301824
[*]Packer::FixStubReloc--->New Reloc:5504704
[*]Packer::FixStubReloc--->Old Reloc:1751301824
[*]Packer::FixStubReloc--->New Reloc:5504704
[*]Packer::FixStubReloc--->Old Reloc:1751301836
[*]Packer::FixStubReloc--->New Reloc:5504716
[*]Packer::FixStubReloc--->Old Reloc:1751301836
[*]Packer::FixStubReloc--->New Reloc:5504716
[*]Packer::FixStubReloc--->Old Reloc:1751302836
[*]Packer::FixStubReloc--->New Reloc:5505716
[*]Packer::FixStubReloc--->Old Reloc:1751310436
[*]Packer::FixStubReloc--->New Reloc:5513316
[*]Packer::FixStubReloc--->Old Reloc:1751310396
[*]Packer::FixStubReloc--->New Reloc:5513276
[*]Packer::FixStubReloc--->Old Reloc:1751310400
[*]Packer::FixStubReloc--->New Reloc:5513280
[*]Packer::FixStubReloc--->Old Reloc:1751310392
[*]Packer::FixStubReloc--->New Reloc:5513272
[*]Packer::FixStubReloc--->Old Reloc:1751310384
[*]Packer::FixStubReloc--->New Reloc:5513264
[*]Packer::FixStubReloc--->Old Reloc:1751191897
[*]Packer::FixStubReloc--->New Reloc:5394777
[*]Packer::FixStubReloc--->Old Reloc:1751310396
[*]Packer::FixStubReloc--->New Reloc:5513276
[*]Packer::FixStubReloc--->Old Reloc:1751301856
[*]Packer::FixStubReloc--->New Reloc:5504736
[*]Packer::FixStubReloc--->Old Reloc:1751242924
[*]Packer::FixStubReloc--->New Reloc:5445804
[*]Packer::FixStubReloc--->Old Reloc:1751251140
[*]Packer::FixStubReloc--->New Reloc:5454020
[*]Packer::FixStubReloc--->Old Reloc:1751314432
[*]Packer::FixStubReloc--->New Reloc:5517312
[*]Packer::FixStubReloc--->Old Reloc:1751251140
[*]Packer::FixStubReloc--->New Reloc:5454020
[*]Packer::FixStubReloc--->Old Reloc:1751255248
[*]Packer::FixStubReloc--->New Reloc:5458128
[*]Packer::FixStubReloc--->Old Reloc:1751263464
[*]Packer::FixStubReloc--->New Reloc:5466344
[*]Packer::FixStubReloc--->Old Reloc:1751314432
[*]Packer::FixStubReloc--->New Reloc:5517312
[*]Packer::FixStubReloc--->Old Reloc:1751263464
[*]Packer::FixStubReloc--->New Reloc:5466344
[*]Packer::FixStubReloc--->Old Reloc:1751192032
[*]Packer::FixStubReloc--->New Reloc:5394912
[*]Packer::FixStubReloc--->Old Reloc:1751226752
[*]Packer::FixStubReloc--->New Reloc:5429632
[*]Packer::FixStubReloc--->Old Reloc:1751314432
[*]Packer::FixStubReloc--->New Reloc:5517312
[*]Packer::FixStubReloc--->Old Reloc:1751191967
[*]Packer::FixStubReloc--->New Reloc:5394847
[*]Packer::FixStubReloc--->Old Reloc:1751226752
[*]Packer::FixStubReloc--->New Reloc:5429632
[*]Packer::FixStubReloc--->Old Reloc:1751301864
[*]Packer::FixStubReloc--->New Reloc:5504744
[*]Packer::FixStubReloc--->Old Reloc:1751301864
[*]Packer::FixStubReloc--->New Reloc:5504744
[*]Packer::FixStubReloc--->Old Reloc:1751233648
[*]Packer::FixStubReloc--->New Reloc:5436528
[*]Packer::FixStubReloc--->Old Reloc:1751310380
[*]Packer::FixStubReloc--->New Reloc:5513260
[*]Packer::FixStubReloc--->Old Reloc:1751234084
[*]Packer::FixStubReloc--->New Reloc:5436964
[*]Packer::FixStubReloc--->Old Reloc:1751310380
[*]Packer::FixStubReloc--->New Reloc:5513260
[*]Packer::FixStubReloc--->Old Reloc:1751226752
[*]Packer::FixStubReloc--->New Reloc:5429632
[*]Packer::FixStubReloc--->Old Reloc:1751233704
[*]Packer::FixStubReloc--->New Reloc:5436584
[*]Packer::FixStubReloc--->Old Reloc:1751233792
[*]Packer::FixStubReloc--->New Reloc:5436672
[*]Packer::FixStubReloc--->Old Reloc:1751310380
[*]Packer::FixStubReloc--->New Reloc:5513260
[*]Packer::FixStubReloc--->Old Reloc:1751233792
[*]Packer::FixStubReloc--->New Reloc:5436672
[*]Packer::FixStubReloc--->Old Reloc:1751233824
[*]Packer::FixStubReloc--->New Reloc:5436704
[*]Packer::FixStubReloc--->Old Reloc:1751310348
[*]Packer::FixStubReloc--->New Reloc:5513228
[*]Packer::FixStubReloc--->Old Reloc:1751233840
[*]Packer::FixStubReloc--->New Reloc:5436720
[*]Packer::FixStubReloc--->Old Reloc:1751310348
[*]Packer::FixStubReloc--->New Reloc:5513228
[*]Packer::FixStubReloc--->Old Reloc:1751233860
[*]Packer::FixStubReloc--->New Reloc:5436740
[*]Packer::FixStubReloc--->Old Reloc:1751310348
[*]Packer::FixStubReloc--->New Reloc:5513228
[*]Packer::FixStubReloc--->Old Reloc:1751233880
[*]Packer::FixStubReloc--->New Reloc:5436760
[*]Packer::FixStubReloc--->Old Reloc:1751314432
[*]Packer::FixStubReloc--->New Reloc:5517312
[*]Packer::FixStubReloc--->Old Reloc:1751310360
[*]Packer::FixStubReloc--->New Reloc:5513240
[*]Packer::FixStubReloc--->Old Reloc:1751234020
[*]Packer::FixStubReloc--->New Reloc:5436900
[*]Packer::FixStubReloc--->Old Reloc:1751314432
[*]Packer::FixStubReloc--->New Reloc:5517312
[*]Packer::FixStubReloc--->Old Reloc:1751314432
[*]Packer::FixStubReloc--->New Reloc:5517312
[*]Packer::FixStubReloc--->Old Reloc:1751310360
[*]Packer::FixStubReloc--->New Reloc:5513240
[*]Packer::FixStubReloc--->Old Reloc:1751233612
[*]Packer::FixStubReloc--->New Reloc:5436492
[*]Packer::FixStubReloc--->Old Reloc:1751233616
[*]Packer::FixStubReloc--->New Reloc:5436496
[*]Packer::FixStubReloc--->Old Reloc:1751233620
[*]Packer::FixStubReloc--->New Reloc:5436500
[*]Packer::FixStubReloc--->Old Reloc:1751233624
[*]Packer::FixStubReloc--->New Reloc:5436504
[*]Packer::FixStubReloc--->Old Reloc:1751233628
[*]Packer::FixStubReloc--->New Reloc:5436508
[*]Packer::FixStubReloc--->Old Reloc:1751233632
[*]Packer::FixStubReloc--->New Reloc:5436512
[*]Packer::FixStubReloc--->Old Reloc:1751233636
[*]Packer::FixStubReloc--->New Reloc:5436516
[*]Packer::FixStubReloc--->Old Reloc:1751233640
[*]Packer::FixStubReloc--->New Reloc:5436520
[*]Packer::FixStubReloc--->Old Reloc:1751233644
[*]Packer::FixStubReloc--->New Reloc:5436524
[*]Packer::FixStubReloc--->Old Reloc:1751310380
[*]Packer::FixStubReloc--->New Reloc:5513260
[*]Packer::FixStubReloc--->Old Reloc:1751226752
[*]Packer::FixStubReloc--->New Reloc:5429632
[*]Packer::FixStubReloc--->Old Reloc:1751234060
[*]Packer::FixStubReloc--->New Reloc:5436940
[*]Packer::FixStubReloc--->Old Reloc:1751234048
[*]Packer::FixStubReloc--->New Reloc:5436928
[*]Packer::FixStubReloc--->Old Reloc:1751310364
[*]Packer::FixStubReloc--->New Reloc:5513244
[*]Packer::FixStubReloc--->Old Reloc:1751301865
[*]Packer::FixStubReloc--->New Reloc:5504745
[*]Packer::FixStubReloc--->Old Reloc:1751301860
[*]Packer::FixStubReloc--->New Reloc:5504740
[*]Packer::FixStubReloc--->Old Reloc:1751301860
[*]Packer::FixStubReloc--->New Reloc:5504740
[*]Packer::FixStubReloc--->Old Reloc:1751301865
[*]Packer::FixStubReloc--->New Reloc:5504745
[*]Packer::FixStubReloc--->Old Reloc:1751301860
[*]Packer::FixStubReloc--->New Reloc:5504740
[*]Packer::FixStubReloc--->Old Reloc:1751234108
[*]Packer::FixStubReloc--->New Reloc:5436988
[*]Packer::FixStubReloc--->Old Reloc:1751310348
[*]Packer::FixStubReloc--->New Reloc:5513228
[*]Packer::FixStubReloc--->Old Reloc:1751314432
[*]Packer::FixStubReloc--->New Reloc:5517312
[*]Packer::FixStubReloc--->Old Reloc:1751314432
[*]Packer::FixStubReloc--->New Reloc:5517312
[*]Packer::FixStubReloc--->Old Reloc:1751234128
[*]Packer::FixStubReloc--->New Reloc:5437008
[*]Packer::FixStubReloc--->Old Reloc:1751314432
[*]Packer::FixStubReloc--->New Reloc:5517312
[*]Packer::FixStubReloc--->Old Reloc:1751314432
[*]Packer::FixStubReloc--->New Reloc:5517312
[*]Packer::FixStubReloc--->Old Reloc:1751314432
[*]Packer::FixStubReloc--->New Reloc:5517312
[*]Packer::FixStubReloc--->Old Reloc:1751314432
[*]Packer::FixStubReloc--->New Reloc:5517312
[*]Packer::FixStubReloc--->Old Reloc:1751314432
[*]Packer::FixStubReloc--->New Reloc:5517312
[*]Packer::FixStubReloc--->Old Reloc:1751314432
[*]Packer::FixStubReloc--->New Reloc:5517312
[*]Packer::FixStubReloc--->Old Reloc:1751310368
[*]Packer::FixStubReloc--->New Reloc:5513248
[*]Packer::FixStubReloc--->Old Reloc:1751310372
[*]Packer::FixStubReloc--->New Reloc:5513252
[*]Packer::FixStubReloc--->Old Reloc:1751314432
[*]Packer::FixStubReloc--->New Reloc:5517312
[*]Packer::FixStubReloc--->Old Reloc:1751314432
[*]Packer::FixStubReloc--->New Reloc:5517312
[*]Packer::FixStubReloc--->Old Reloc:1751314432
[*]Packer::FixStubReloc--->New Reloc:5517312
[*]Packer::FixStubReloc--->Old Reloc:1751314432
[*]Packer::FixStubReloc--->New Reloc:5517312
[*]Packer::FixStubReloc--->Old Reloc:1751310368
[*]Packer::FixStubReloc--->New Reloc:5513248
[*]Packer::FixStubReloc--->Old Reloc:1751310376
[*]Packer::FixStubReloc--->New Reloc:5513256
[*]Packer::FixStubReloc--->Old Reloc:1751314432
[*]Packer::FixStubReloc--->New Reloc:5517312
[*]Packer::FixStubReloc--->Old Reloc:1751314432
[*]Packer::FixStubReloc--->New Reloc:5517312
[*]Packer::FixStubReloc--->Old Reloc:1751226752
[*]Packer::FixStubReloc--->New Reloc:5429632
[*]Packer::FixStubReloc--->Old Reloc:1751226752
[*]Packer::FixStubReloc--->New Reloc:5429632
[*]Packer::FixStubReloc--->Old Reloc:1751301868
[*]Packer::FixStubReloc--->New Reloc:5504748
[*]Packer::FixStubReloc--->Old Reloc:1751226760
[*]Packer::FixStubReloc--->New Reloc:5429640
[*]Packer::FixStubReloc--->Old Reloc:1751226760
[*]Packer::FixStubReloc--->New Reloc:5429640
[*]Packer::FixStubReloc--->Old Reloc:1751301868
[*]Packer::FixStubReloc--->New Reloc:5504748
[*]Packer::FixStubReloc--->Old Reloc:1751226760
[*]Packer::FixStubReloc--->New Reloc:5429640
[*]Packer::FixStubReloc--->Old Reloc:1751226760
[*]Packer::FixStubReloc--->New Reloc:5429640
[*]Packer::FixStubReloc--->Old Reloc:1751301872
[*]Packer::FixStubReloc--->New Reloc:5504752
[*]Packer::FixStubReloc--->Old Reloc:1751301872
[*]Packer::FixStubReloc--->New Reloc:5504752
[*]Packer::FixStubReloc--->Old Reloc:1751301872
[*]Packer::FixStubReloc--->New Reloc:5504752
[*]Packer::FixStubReloc--->Old Reloc:1751301872
[*]Packer::FixStubReloc--->New Reloc:5504752
[*]Packer::FixStubReloc--->Old Reloc:1751301868
[*]Packer::FixStubReloc--->New Reloc:5504748
[*]Packer::FixStubReloc--->Old Reloc:1751226760
[*]Packer::FixStubReloc--->New Reloc:5429640
[*]Packer::FixStubReloc--->Old Reloc:1751226760
[*]Packer::FixStubReloc--->New Reloc:5429640
[*]Packer::FixStubReloc--->Old Reloc:1751301868
[*]Packer::FixStubReloc--->New Reloc:5504748
[*]Packer::FixStubReloc--->Old Reloc:1751226760
[*]Packer::FixStubReloc--->New Reloc:5429640
[*]Packer::FixStubReloc--->Old Reloc:1751226760
[*]Packer::FixStubReloc--->New Reloc:5429640
[*]Packer::FixStubReloc--->Old Reloc:1751301868
[*]Packer::FixStubReloc--->New Reloc:5504748
[*]Packer::FixStubReloc--->Old Reloc:1751226760
[*]Packer::FixStubReloc--->New Reloc:5429640
[*]Packer::FixStubReloc--->Old Reloc:1751226760
[*]Packer::FixStubReloc--->New Reloc:5429640
[*]Packer::FixStubReloc--->Old Reloc:1751226764
[*]Packer::FixStubReloc--->New Reloc:5429644
[*]Packer::FixStubReloc--->Old Reloc:1751310396
[*]Packer::FixStubReloc--->New Reloc:5513276
[*]Packer::FixStubReloc--->Old Reloc:1751310400
[*]Packer::FixStubReloc--->New Reloc:5513280
[*]Packer::FixStubReloc--->Old Reloc:1751310356
[*]Packer::FixStubReloc--->New Reloc:5513236
[*]Packer::FixStubReloc--->Old Reloc:1751310440
[*]Packer::FixStubReloc--->New Reloc:5513320
[*]Packer::FixStubReloc--->Old Reloc:1751302136
[*]Packer::FixStubReloc--->New Reloc:5505016
[*]Packer::FixStubReloc--->Old Reloc:1751302132
[*]Packer::FixStubReloc--->New Reloc:5505012
[*]Packer::FixStubReloc--->Old Reloc:1751302128
[*]Packer::FixStubReloc--->New Reloc:5505008
[*]Packer::FixStubReloc--->Old Reloc:1751302124
[*]Packer::FixStubReloc--->New Reloc:5505004
[*]Packer::FixStubReloc--->Old Reloc:1751302120
[*]Packer::FixStubReloc--->New Reloc:5505000
[*]Packer::FixStubReloc--->Old Reloc:1751302116
[*]Packer::FixStubReloc--->New Reloc:5504996
[*]Packer::FixStubReloc--->Old Reloc:1751302160
[*]Packer::FixStubReloc--->New Reloc:5505040
[*]Packer::FixStubReloc--->Old Reloc:1751302148
[*]Packer::FixStubReloc--->New Reloc:5505028
[*]Packer::FixStubReloc--->Old Reloc:1751302112
[*]Packer::FixStubReloc--->New Reloc:5504992
[*]Packer::FixStubReloc--->Old Reloc:1751302108
[*]Packer::FixStubReloc--->New Reloc:5504988
[*]Packer::FixStubReloc--->Old Reloc:1751302104
[*]Packer::FixStubReloc--->New Reloc:5504984
[*]Packer::FixStubReloc--->Old Reloc:1751302100
[*]Packer::FixStubReloc--->New Reloc:5504980
[*]Packer::FixStubReloc--->Old Reloc:1751302152
[*]Packer::FixStubReloc--->New Reloc:5505032
[*]Packer::FixStubReloc--->Old Reloc:1751302140
[*]Packer::FixStubReloc--->New Reloc:5505020
[*]Packer::FixStubReloc--->Old Reloc:1751302144
[*]Packer::FixStubReloc--->New Reloc:5505024
[*]Packer::FixStubReloc--->Old Reloc:1751302156
[*]Packer::FixStubReloc--->New Reloc:5505036
[*]Packer::FixStubReloc--->Old Reloc:1751301960
[*]Packer::FixStubReloc--->New Reloc:5504840
[*]Packer::FixStubReloc--->Old Reloc:1751302144
[*]Packer::FixStubReloc--->New Reloc:5505024
[*]Packer::FixStubReloc--->Old Reloc:1751301892
[*]Packer::FixStubReloc--->New Reloc:5504772
[*]Packer::FixStubReloc--->Old Reloc:1751301880
[*]Packer::FixStubReloc--->New Reloc:5504760
[*]Packer::FixStubReloc--->Old Reloc:1751301884
[*]Packer::FixStubReloc--->New Reloc:5504764
[*]Packer::FixStubReloc--->Old Reloc:1751301896
[*]Packer::FixStubReloc--->New Reloc:5504776
[*]Packer::FixStubReloc--->Old Reloc:1751301900
[*]Packer::FixStubReloc--->New Reloc:5504780
[*]Packer::FixStubReloc--->Old Reloc:1751226752
[*]Packer::FixStubReloc--->New Reloc:5429632
[*]Packer::FixStubReloc--->Old Reloc:1751226748
[*]Packer::FixStubReloc--->New Reloc:5429628
[*]Packer::FixStubReloc--->Old Reloc:1751234132
[*]Packer::FixStubReloc--->New Reloc:5437012
[*]Packer::FixStubReloc--->Old Reloc:1751302136
[*]Packer::FixStubReloc--->New Reloc:5505016
[*]Packer::FixStubReloc--->Old Reloc:1751302132
[*]Packer::FixStubReloc--->New Reloc:5505012
[*]Packer::FixStubReloc--->Old Reloc:1751302128
[*]Packer::FixStubReloc--->New Reloc:5505008
[*]Packer::FixStubReloc--->Old Reloc:1751302124
[*]Packer::FixStubReloc--->New Reloc:5505004
[*]Packer::FixStubReloc--->Old Reloc:1751302120
[*]Packer::FixStubReloc--->New Reloc:5505000
[*]Packer::FixStubReloc--->Old Reloc:1751302116
[*]Packer::FixStubReloc--->New Reloc:5504996
[*]Packer::FixStubReloc--->Old Reloc:1751302160
[*]Packer::FixStubReloc--->New Reloc:5505040
[*]Packer::FixStubReloc--->Old Reloc:1751302148
[*]Packer::FixStubReloc--->New Reloc:5505028
[*]Packer::FixStubReloc--->Old Reloc:1751302112
[*]Packer::FixStubReloc--->New Reloc:5504992
[*]Packer::FixStubReloc--->Old Reloc:1751302108
[*]Packer::FixStubReloc--->New Reloc:5504988
[*]Packer::FixStubReloc--->Old Reloc:1751302104
[*]Packer::FixStubReloc--->New Reloc:5504984
[*]Packer::FixStubReloc--->Old Reloc:1751302100
[*]Packer::FixStubReloc--->New Reloc:5504980
[*]Packer::FixStubReloc--->Old Reloc:1751302152
[*]Packer::FixStubReloc--->New Reloc:5505032
[*]Packer::FixStubReloc--->Old Reloc:1751302140
[*]Packer::FixStubReloc--->New Reloc:5505020
[*]Packer::FixStubReloc--->Old Reloc:1751302144
[*]Packer::FixStubReloc--->New Reloc:5505024
[*]Packer::FixStubReloc--->Old Reloc:1751302156
[*]Packer::FixStubReloc--->New Reloc:5505036
[*]Packer::FixStubReloc--->Old Reloc:1751302144
[*]Packer::FixStubReloc--->New Reloc:5505024
[*]Packer::FixStubReloc--->Old Reloc:1751301892
[*]Packer::FixStubReloc--->New Reloc:5504772
[*]Packer::FixStubReloc--->Old Reloc:1751301880
[*]Packer::FixStubReloc--->New Reloc:5504760
[*]Packer::FixStubReloc--->Old Reloc:1751301884
[*]Packer::FixStubReloc--->New Reloc:5504764
[*]Packer::FixStubReloc--->Old Reloc:1751301896
[*]Packer::FixStubReloc--->New Reloc:5504776
[*]Packer::FixStubReloc--->Old Reloc:1751301900
[*]Packer::FixStubReloc--->New Reloc:5504780
[*]Packer::FixStubReloc--->Old Reloc:1751234132
[*]Packer::FixStubReloc--->New Reloc:5437012
[*]Packer::FixStubReloc--->Old Reloc:1751302136
[*]Packer::FixStubReloc--->New Reloc:5505016
[*]Packer::FixStubReloc--->Old Reloc:1751302132
[*]Packer::FixStubReloc--->New Reloc:5505012
[*]Packer::FixStubReloc--->Old Reloc:1751302128
[*]Packer::FixStubReloc--->New Reloc:5505008
[*]Packer::FixStubReloc--->Old Reloc:1751302124
[*]Packer::FixStubReloc--->New Reloc:5505004
[*]Packer::FixStubReloc--->Old Reloc:1751302120
[*]Packer::FixStubReloc--->New Reloc:5505000
[*]Packer::FixStubReloc--->Old Reloc:1751302116
[*]Packer::FixStubReloc--->New Reloc:5504996
[*]Packer::FixStubReloc--->Old Reloc:1751302160
[*]Packer::FixStubReloc--->New Reloc:5505040
[*]Packer::FixStubReloc--->Old Reloc:1751302148
[*]Packer::FixStubReloc--->New Reloc:5505028
[*]Packer::FixStubReloc--->Old Reloc:1751302112
[*]Packer::FixStubReloc--->New Reloc:5504992
[*]Packer::FixStubReloc--->Old Reloc:1751302108
[*]Packer::FixStubReloc--->New Reloc:5504988
[*]Packer::FixStubReloc--->Old Reloc:1751302104
[*]Packer::FixStubReloc--->New Reloc:5504984
[*]Packer::FixStubReloc--->Old Reloc:1751302100
[*]Packer::FixStubReloc--->New Reloc:5504980
[*]Packer::FixStubReloc--->Old Reloc:1751302152
[*]Packer::FixStubReloc--->New Reloc:5505032
[*]Packer::FixStubReloc--->Old Reloc:1751302140
[*]Packer::FixStubReloc--->New Reloc:5505020
[*]Packer::FixStubReloc--->Old Reloc:1751302144
[*]Packer::FixStubReloc--->New Reloc:5505024
[*]Packer::FixStubReloc--->Old Reloc:1751302156
[*]Packer::FixStubReloc--->New Reloc:5505036
[*]Packer::FixStubReloc--->Old Reloc:1751302144
[*]Packer::FixStubReloc--->New Reloc:5505024
[*]Packer::FixStubReloc--->Old Reloc:1751301892
[*]Packer::FixStubReloc--->New Reloc:5504772
[*]Packer::FixStubReloc--->Old Reloc:1751301880
[*]Packer::FixStubReloc--->New Reloc:5504760
[*]Packer::FixStubReloc--->Old Reloc:1751301884
[*]Packer::FixStubReloc--->New Reloc:5504764
[*]Packer::FixStubReloc--->Old Reloc:1751301896
[*]Packer::FixStubReloc--->New Reloc:5504776
[*]Packer::FixStubReloc--->Old Reloc:1751301900
[*]Packer::FixStubReloc--->New Reloc:5504780
[*]Packer::FixStubReloc--->Old Reloc:1751301904
[*]Packer::FixStubReloc--->New Reloc:5504784
[*]Packer::FixStubReloc--->Old Reloc:1751234132
[*]Packer::FixStubReloc--->New Reloc:5437012
[*]Packer::FixStubReloc--->Old Reloc:1751310528
[*]Packer::FixStubReloc--->New Reloc:5513408
[*]Packer::FixStubReloc--->Old Reloc:1751310520
[*]Packer::FixStubReloc--->New Reloc:5513400
[*]Packer::FixStubReloc--->Old Reloc:1751310524
[*]Packer::FixStubReloc--->New Reloc:5513404
[*]Packer::FixStubReloc--->Old Reloc:1751310508
[*]Packer::FixStubReloc--->New Reloc:5513388
[*]Packer::FixStubReloc--->Old Reloc:1751310512
[*]Packer::FixStubReloc--->New Reloc:5513392
[*]Packer::FixStubReloc--->Old Reloc:1751310516
[*]Packer::FixStubReloc--->New Reloc:5513396
[*]Packer::FixStubReloc--->Old Reloc:1751310624
[*]Packer::FixStubReloc--->New Reloc:5513504
[*]Packer::FixStubReloc--->Old Reloc:1751310620
[*]Packer::FixStubReloc--->New Reloc:5513500
[*]Packer::FixStubReloc--->Old Reloc:1751310616
[*]Packer::FixStubReloc--->New Reloc:5513496
[*]Packer::FixStubReloc--->Old Reloc:1751310612
[*]Packer::FixStubReloc--->New Reloc:5513492
[*]Packer::FixStubReloc--->Old Reloc:1751310608
[*]Packer::FixStubReloc--->New Reloc:5513488
[*]Packer::FixStubReloc--->Old Reloc:1751310604
[*]Packer::FixStubReloc--->New Reloc:5513484
[*]Packer::FixStubReloc--->Old Reloc:1751310648
[*]Packer::FixStubReloc--->New Reloc:5513528
[*]Packer::FixStubReloc--->Old Reloc:1751310596
[*]Packer::FixStubReloc--->New Reloc:5513476
[*]Packer::FixStubReloc--->Old Reloc:1751310592
[*]Packer::FixStubReloc--->New Reloc:5513472
[*]Packer::FixStubReloc--->Old Reloc:1751310588
[*]Packer::FixStubReloc--->New Reloc:5513468
[*]Packer::FixStubReloc--->Old Reloc:1751310584
[*]Packer::FixStubReloc--->New Reloc:5513464
[*]Packer::FixStubReloc--->Old Reloc:1751310580
[*]Packer::FixStubReloc--->New Reloc:5513460
[*]Packer::FixStubReloc--->Old Reloc:1751310628
[*]Packer::FixStubReloc--->New Reloc:5513508
[*]Packer::FixStubReloc--->Old Reloc:1751310644
[*]Packer::FixStubReloc--->New Reloc:5513524
[*]Packer::FixStubReloc--->Old Reloc:1751310652
[*]Packer::FixStubReloc--->New Reloc:5513532
[*]Packer::FixStubReloc--->Old Reloc:1751310656
[*]Packer::FixStubReloc--->New Reloc:5513536
[*]Packer::FixStubReloc--->Old Reloc:1751310640
[*]Packer::FixStubReloc--->New Reloc:5513520
[*]Packer::FixStubReloc--->Old Reloc:1751310636
[*]Packer::FixStubReloc--->New Reloc:5513516
[*]Packer::FixStubReloc--->Old Reloc:1751310632
[*]Packer::FixStubReloc--->New Reloc:5513512
[*]Packer::FixStubReloc--->Old Reloc:1751310600
[*]Packer::FixStubReloc--->New Reloc:5513480
[*]Packer::FixStubReloc--->Old Reloc:1751310436
[*]Packer::FixStubReloc--->New Reloc:5513316
[*]Packer::FixStubReloc--->Old Reloc:1751310432
[*]Packer::FixStubReloc--->New Reloc:5513312
[*]Packer::FixStubReloc--->Old Reloc:1751310428
[*]Packer::FixStubReloc--->New Reloc:5513308
[*]Packer::FixStubReloc--->Old Reloc:1751310424
[*]Packer::FixStubReloc--->New Reloc:5513304
[*]Packer::FixStubReloc--->Old Reloc:1751310420
[*]Packer::FixStubReloc--->New Reloc:5513300
[*]Packer::FixStubReloc--->Old Reloc:1751310416
[*]Packer::FixStubReloc--->New Reloc:5513296
[*]Packer::FixStubReloc--->Old Reloc:1751310412
[*]Packer::FixStubReloc--->New Reloc:5513292
[*]Packer::FixStubReloc--->Old Reloc:1751310408
[*]Packer::FixStubReloc--->New Reloc:5513288
[*]Packer::FixStubReloc--->Old Reloc:1751310404
[*]Packer::FixStubReloc--->New Reloc:5513284
[*]Packer::FixStubReloc--->Old Reloc:1751310400
[*]Packer::FixStubReloc--->New Reloc:5513280
[*]Packer::FixStubReloc--->Old Reloc:1751310396
[*]Packer::FixStubReloc--->New Reloc:5513276
[*]Packer::FixStubReloc--->Old Reloc:1751310392
[*]Packer::FixStubReloc--->New Reloc:5513272
[*]Packer::FixStubReloc--->Old Reloc:1751310388
[*]Packer::FixStubReloc--->New Reloc:5513268
[*]Packer::FixStubReloc--->Old Reloc:1751310384
[*]Packer::FixStubReloc--->New Reloc:5513264
[*]Packer::FixStubReloc--->Old Reloc:1751310380
[*]Packer::FixStubReloc--->New Reloc:5513260
[*]Packer::FixStubReloc--->Old Reloc:1751310376
[*]Packer::FixStubReloc--->New Reloc:5513256
[*]Packer::FixStubReloc--->Old Reloc:1751310372
[*]Packer::FixStubReloc--->New Reloc:5513252
[*]Packer::FixStubReloc--->Old Reloc:1751310368
[*]Packer::FixStubReloc--->New Reloc:5513248
[*]Packer::FixStubReloc--->Old Reloc:1751310364
[*]Packer::FixStubReloc--->New Reloc:5513244
[*]Packer::FixStubReloc--->Old Reloc:1751310360
[*]Packer::FixStubReloc--->New Reloc:5513240
[*]Packer::FixStubReloc--->Old Reloc:1751310356
[*]Packer::FixStubReloc--->New Reloc:5513236
[*]Packer::FixStubReloc--->Old Reloc:1751310440
[*]Packer::FixStubReloc--->New Reloc:5513320
[*]Packer::FixStubReloc--->Old Reloc:1751280070
[*]Packer::FixStubReloc--->New Reloc:5482950
[*]Packer::FixStubReloc--->Old Reloc:1751280451
[*]Packer::FixStubReloc--->New Reloc:5483331
[*]Packer::FixStubReloc--->Old Reloc:1751280883
[*]Packer::FixStubReloc--->New Reloc:5483763
[*]Packer::FixStubReloc--->Old Reloc:1751280927
[*]Packer::FixStubReloc--->New Reloc:5483807
[*]Packer::FixStubReloc--->Old Reloc:1751282926
[*]Packer::FixStubReloc--->New Reloc:5485806
[*]Packer::FixStubReloc--->Old Reloc:1751282945
[*]Packer::FixStubReloc--->New Reloc:5485825
[*]Packer::FixStubReloc--->Old Reloc:1751285654
[*]Packer::FixStubReloc--->New Reloc:5488534
[*]Packer::FixStubReloc--->Old Reloc:1751285693
[*]Packer::FixStubReloc--->New Reloc:5488573
[*]Packer::FixStubReloc--->Old Reloc:1751191967
[*]Packer::FixStubReloc--->New Reloc:5394847
[*]Packer::FixStubReloc--->PERelocDir Update:1131808
[*]Packer::SetOepOfPEFile--->NewOep :125320
